<?xml version="1.0" encoding="UTF-8" standalone="no"?>
<!DOCTYPE log SYSTEM "logger.dtd">
<log>
<record>
  <date>2019-08-14T09:03:39</date>
  <millis>1565744619417</millis>
  <sequence>0</sequence>
  <level>START</level>
  <class>com.kms.katalon.core.logging.XmlKeywordLogger</class>
  <method>startSuite</method>
  <thread>1</thread>
  <message>Start Test Suite : Test Suites/STG/1_Free_spin</message>
  <nestedLevel>0</nestedLevel>
  <property name="name">1_Free_spin</property>
  <property name="description"></property>
  <property name="id">Test Suites/STG/1_Free_spin</property>
</record>
<record>
  <date>2019-08-14T09:03:39</date>
  <millis>1565744619432</millis>
  <sequence>1</sequence>
  <level>RUN_DATA</level>
  <class>com.kms.katalon.core.logging.XmlKeywordLogger</class>
  <method>logMessage</method>
  <thread>1</thread>
  <message>hostName = eiralee - 172.16.60.194</message>
  <nestedLevel>0</nestedLevel>
  <property name="hostName">eiralee - 172.16.60.194</property>
</record>
<record>
  <date>2019-08-14T09:03:39</date>
  <millis>1565744619433</millis>
  <sequence>2</sequence>
  <level>RUN_DATA</level>
  <class>com.kms.katalon.core.logging.XmlKeywordLogger</class>
  <method>logMessage</method>
  <thread>1</thread>
  <message>os = Mac OS X 64bit</message>
  <nestedLevel>0</nestedLevel>
  <property name="os">Mac OS X 64bit</property>
</record>
<record>
  <date>2019-08-14T09:03:39</date>
  <millis>1565744619434</millis>
  <sequence>3</sequence>
  <level>RUN_DATA</level>
  <class>com.kms.katalon.core.logging.XmlKeywordLogger</class>
  <method>logMessage</method>
  <thread>1</thread>
  <message>hostAddress = 172.16.60.194</message>
  <nestedLevel>0</nestedLevel>
  <property name="hostAddress">172.16.60.194</property>
</record>
<record>
  <date>2019-08-14T09:03:39</date>
  <millis>1565744619435</millis>
  <sequence>4</sequence>
  <level>RUN_DATA</level>
  <class>com.kms.katalon.core.logging.XmlKeywordLogger</class>
  <method>logMessage</method>
  <thread>1</thread>
  <message>katalonVersion = 6.2.0.1</message>
  <nestedLevel>0</nestedLevel>
  <property name="katalonVersion">6.2.0.1</property>
</record>
<record>
  <date>2019-08-14T09:03:39</date>
  <millis>1565744619616</millis>
  <sequence>5</sequence>
  <level>START</level>
  <class>com.kms.katalon.core.logging.XmlKeywordLogger</class>
  <method>startTest</method>
  <thread>1</thread>
  <message>Start Test Case : Test Cases/STG_env/1_Free_Spin_CALL</message>
  <nestedLevel>1</nestedLevel>
  <property name="name">Test Cases/STG_env/1_Free_Spin_CALL</property>
  <property name="description">https://staroad.atlassian.net/wiki/spaces/IPD/pages/461176986/NuRgs+API+Features+Use-case+M4-0012+Super+Wilds\n\n#1 situation</property>
  <property name="id">Test Cases/STG_env/1_Free_Spin_CALL</property>
  <property name="source">\\Users\\eiralee\\Katalon_Script\\SuperWild\\Test Cases\\STG_env\\1_Free_Spin_CALL.tc</property>
  <property name="tag"></property>
  <property name="isOptional">false</property>
</record>
<record>
  <date>2019-08-14T09:03:40</date>
  <millis>1565744620431</millis>
  <sequence>11</sequence>
  <level>INFO</level>
  <class>com.kms.katalon.core.logging.XmlKeywordLogger</class>
  <method>logMessage</method>
  <thread>1</thread>
  <message>(Default) Partner = M4-0012</message>
  <nestedLevel>1</nestedLevel>
</record>
<record>
  <date>2019-08-14T09:03:40</date>
  <millis>1565744620489</millis>
  <sequence>16</sequence>
  <level>INFO</level>
  <class>com.kms.katalon.core.logging.XmlKeywordLogger</class>
  <method>logMessage</method>
  <thread>1</thread>
  <message>(Default) Userid = Genesis_stg_02</message>
  <nestedLevel>1</nestedLevel>
</record>
<record>
  <date>2019-08-14T09:03:40</date>
  <millis>1565744620533</millis>
  <sequence>21</sequence>
  <level>INFO</level>
  <class>com.kms.katalon.core.logging.XmlKeywordLogger</class>
  <method>logMessage</method>
  <thread>1</thread>
  <message>(Default) Game_code = M4-0012</message>
  <nestedLevel>1</nestedLevel>
</record>
<record>
  <date>2019-08-14T09:03:40</date>
  <millis>1565744620585</millis>
  <sequence>26</sequence>
  <level>INFO</level>
  <class>com.kms.katalon.core.logging.XmlKeywordLogger</class>
  <method>logMessage</method>
  <thread>1</thread>
  <message>(Default) url_krug_gw = krug-gw-colo.star9ad.com</message>
  <nestedLevel>1</nestedLevel>
</record>
<record>
  <date>2019-08-14T09:03:40</date>
  <millis>1565744620630</millis>
  <sequence>31</sequence>
  <level>INFO</level>
  <class>com.kms.katalon.core.logging.XmlKeywordLogger</class>
  <method>logMessage</method>
  <thread>1</thread>
  <message>(Default) secret_key = 5839eb59-4aa7-46cc-8bc0-d448a01aae65</message>
  <nestedLevel>1</nestedLevel>
</record>
<record>
  <date>2019-08-14T09:03:40</date>
  <millis>1565744620678</millis>
  <sequence>36</sequence>
  <level>INFO</level>
  <class>com.kms.katalon.core.logging.XmlKeywordLogger</class>
  <method>logMessage</method>
  <thread>1</thread>
  <message>(Default) M4_recorder = SW_M4_V1_RECORDER</message>
  <nestedLevel>1</nestedLevel>
</record>
<record>
  <date>2019-08-14T09:03:41</date>
  <millis>1565744621022</millis>
  <sequence>37</sequence>
  <level>START</level>
  <class>com.kms.katalon.core.logging.XmlKeywordLogger</class>
  <method>startKeyword</method>
  <thread>1</thread>
  <message>Start action : NG_top_level = new java.util.ArrayList()</message>
  <nestedLevel>1</nestedLevel>
  <property name="startLine">19</property>
  <property name="stepIndex">1</property>
</record>
<record>
  <date>2019-08-14T09:03:41</date>
  <millis>1565744621024</millis>
  <sequence>38</sequence>
  <level>END</level>
  <class>com.kms.katalon.core.logging.XmlKeywordLogger</class>
  <method>endKeyword</method>
  <thread>1</thread>
  <message>End action : NG_top_level = new java.util.ArrayList()</message>
  <nestedLevel>1</nestedLevel>
</record>
<record>
  <date>2019-08-14T09:03:41</date>
  <millis>1565744621024</millis>
  <sequence>39</sequence>
  <level>START</level>
  <class>com.kms.katalon.core.logging.XmlKeywordLogger</class>
  <method>startKeyword</method>
  <thread>1</thread>
  <message>Start action : NG_top_level.add(\&amp;quot;booster_type\&amp;quot;)</message>
  <nestedLevel>1</nestedLevel>
  <property name="startLine">21</property>
  <property name="stepIndex">2</property>
</record>
<record>
  <date>2019-08-14T09:03:41</date>
  <millis>1565744621025</millis>
  <sequence>40</sequence>
  <level>END</level>
  <class>com.kms.katalon.core.logging.XmlKeywordLogger</class>
  <method>endKeyword</method>
  <thread>1</thread>
  <message>End action : NG_top_level.add(\&amp;quot;booster_type\&amp;quot;)</message>
  <nestedLevel>1</nestedLevel>
</record>
<record>
  <date>2019-08-14T09:03:41</date>
  <millis>1565744621025</millis>
  <sequence>41</sequence>
  <level>START</level>
  <class>com.kms.katalon.core.logging.XmlKeywordLogger</class>
  <method>startKeyword</method>
  <thread>1</thread>
  <message>Start action : NG_top_level.add(\&amp;quot;currency\&amp;quot;)</message>
  <nestedLevel>1</nestedLevel>
  <property name="startLine">23</property>
  <property name="stepIndex">3</property>
</record>
<record>
  <date>2019-08-14T09:03:41</date>
  <millis>1565744621026</millis>
  <sequence>42</sequence>
  <level>END</level>
  <class>com.kms.katalon.core.logging.XmlKeywordLogger</class>
  <method>endKeyword</method>
  <thread>1</thread>
  <message>End action : NG_top_level.add(\&amp;quot;currency\&amp;quot;)</message>
  <nestedLevel>1</nestedLevel>
</record>
<record>
  <date>2019-08-14T09:03:41</date>
  <millis>1565744621026</millis>
  <sequence>43</sequence>
  <level>START</level>
  <class>com.kms.katalon.core.logging.XmlKeywordLogger</class>
  <method>startKeyword</method>
  <thread>1</thread>
  <message>Start action : NG_top_level.add(\&amp;quot;player_id\&amp;quot;)</message>
  <nestedLevel>1</nestedLevel>
  <property name="startLine">25</property>
  <property name="stepIndex">4</property>
</record>
<record>
  <date>2019-08-14T09:03:41</date>
  <millis>1565744621026</millis>
  <sequence>44</sequence>
  <level>END</level>
  <class>com.kms.katalon.core.logging.XmlKeywordLogger</class>
  <method>endKeyword</method>
  <thread>1</thread>
  <message>End action : NG_top_level.add(\&amp;quot;player_id\&amp;quot;)</message>
  <nestedLevel>1</nestedLevel>
</record>
<record>
  <date>2019-08-14T09:03:41</date>
  <millis>1565744621027</millis>
  <sequence>45</sequence>
  <level>START</level>
  <class>com.kms.katalon.core.logging.XmlKeywordLogger</class>
  <method>startKeyword</method>
  <thread>1</thread>
  <message>Start action : NG_top_level.add(\&amp;quot;round_id\&amp;quot;)</message>
  <nestedLevel>1</nestedLevel>
  <property name="startLine">27</property>
  <property name="stepIndex">5</property>
</record>
<record>
  <date>2019-08-14T09:03:41</date>
  <millis>1565744621028</millis>
  <sequence>46</sequence>
  <level>END</level>
  <class>com.kms.katalon.core.logging.XmlKeywordLogger</class>
  <method>endKeyword</method>
  <thread>1</thread>
  <message>End action : NG_top_level.add(\&amp;quot;round_id\&amp;quot;)</message>
  <nestedLevel>1</nestedLevel>
</record>
<record>
  <date>2019-08-14T09:03:41</date>
  <millis>1565744621028</millis>
  <sequence>47</sequence>
  <level>START</level>
  <class>com.kms.katalon.core.logging.XmlKeywordLogger</class>
  <method>startKeyword</method>
  <thread>1</thread>
  <message>Start action : NG_top_level.add(\&amp;quot;spin_results\&amp;quot;)</message>
  <nestedLevel>1</nestedLevel>
  <property name="startLine">29</property>
  <property name="stepIndex">6</property>
</record>
<record>
  <date>2019-08-14T09:03:41</date>
  <millis>1565744621029</millis>
  <sequence>48</sequence>
  <level>END</level>
  <class>com.kms.katalon.core.logging.XmlKeywordLogger</class>
  <method>endKeyword</method>
  <thread>1</thread>
  <message>End action : NG_top_level.add(\&amp;quot;spin_results\&amp;quot;)</message>
  <nestedLevel>1</nestedLevel>
</record>
<record>
  <date>2019-08-14T09:03:41</date>
  <millis>1565744621029</millis>
  <sequence>49</sequence>
  <level>START</level>
  <class>com.kms.katalon.core.logging.XmlKeywordLogger</class>
  <method>startKeyword</method>
  <thread>1</thread>
  <message>Start action : NG_spin_result = new java.util.ArrayList()</message>
  <nestedLevel>1</nestedLevel>
  <property name="startLine">31</property>
  <property name="stepIndex">7</property>
</record>
<record>
  <date>2019-08-14T09:03:41</date>
  <millis>1565744621030</millis>
  <sequence>50</sequence>
  <level>END</level>
  <class>com.kms.katalon.core.logging.XmlKeywordLogger</class>
  <method>endKeyword</method>
  <thread>1</thread>
  <message>End action : NG_spin_result = new java.util.ArrayList()</message>
  <nestedLevel>1</nestedLevel>
</record>
<record>
  <date>2019-08-14T09:03:41</date>
  <millis>1565744621031</millis>
  <sequence>51</sequence>
  <level>START</level>
  <class>com.kms.katalon.core.logging.XmlKeywordLogger</class>
  <method>startKeyword</method>
  <thread>1</thread>
  <message>Start action : NG_spin_result.add(\&amp;quot;balance\&amp;quot;)</message>
  <nestedLevel>1</nestedLevel>
  <property name="startLine">33</property>
  <property name="stepIndex">8</property>
</record>
<record>
  <date>2019-08-14T09:03:41</date>
  <millis>1565744621031</millis>
  <sequence>52</sequence>
  <level>END</level>
  <class>com.kms.katalon.core.logging.XmlKeywordLogger</class>
  <method>endKeyword</method>
  <thread>1</thread>
  <message>End action : NG_spin_result.add(\&amp;quot;balance\&amp;quot;)</message>
  <nestedLevel>1</nestedLevel>
</record>
<record>
  <date>2019-08-14T09:03:41</date>
  <millis>1565744621032</millis>
  <sequence>53</sequence>
  <level>START</level>
  <class>com.kms.katalon.core.logging.XmlKeywordLogger</class>
  <method>startKeyword</method>
  <thread>1</thread>
  <message>Start action : NG_spin_result.add(\&amp;quot;bet_value\&amp;quot;)</message>
  <nestedLevel>1</nestedLevel>
  <property name="startLine">35</property>
  <property name="stepIndex">9</property>
</record>
<record>
  <date>2019-08-14T09:03:41</date>
  <millis>1565744621033</millis>
  <sequence>54</sequence>
  <level>END</level>
  <class>com.kms.katalon.core.logging.XmlKeywordLogger</class>
  <method>endKeyword</method>
  <thread>1</thread>
  <message>End action : NG_spin_result.add(\&amp;quot;bet_value\&amp;quot;)</message>
  <nestedLevel>1</nestedLevel>
</record>
<record>
  <date>2019-08-14T09:03:41</date>
  <millis>1565744621033</millis>
  <sequence>55</sequence>
  <level>START</level>
  <class>com.kms.katalon.core.logging.XmlKeywordLogger</class>
  <method>startKeyword</method>
  <thread>1</thread>
  <message>Start action : NG_spin_result.add(\&amp;quot;features_triggered\&amp;quot;)</message>
  <nestedLevel>1</nestedLevel>
  <property name="startLine">37</property>
  <property name="stepIndex">10</property>
</record>
<record>
  <date>2019-08-14T09:03:41</date>
  <millis>1565744621034</millis>
  <sequence>56</sequence>
  <level>END</level>
  <class>com.kms.katalon.core.logging.XmlKeywordLogger</class>
  <method>endKeyword</method>
  <thread>1</thread>
  <message>End action : NG_spin_result.add(\&amp;quot;features_triggered\&amp;quot;)</message>
  <nestedLevel>1</nestedLevel>
</record>
<record>
  <date>2019-08-14T09:03:41</date>
  <millis>1565744621034</millis>
  <sequence>57</sequence>
  <level>START</level>
  <class>com.kms.katalon.core.logging.XmlKeywordLogger</class>
  <method>startKeyword</method>
  <thread>1</thread>
  <message>Start action : NG_spin_result.add(\&amp;quot;line\&amp;quot;)</message>
  <nestedLevel>1</nestedLevel>
  <property name="startLine">39</property>
  <property name="stepIndex">11</property>
</record>
<record>
  <date>2019-08-14T09:03:41</date>
  <millis>1565744621035</millis>
  <sequence>58</sequence>
  <level>END</level>
  <class>com.kms.katalon.core.logging.XmlKeywordLogger</class>
  <method>endKeyword</method>
  <thread>1</thread>
  <message>End action : NG_spin_result.add(\&amp;quot;line\&amp;quot;)</message>
  <nestedLevel>1</nestedLevel>
</record>
<record>
  <date>2019-08-14T09:03:41</date>
  <millis>1565744621035</millis>
  <sequence>59</sequence>
  <level>START</level>
  <class>com.kms.katalon.core.logging.XmlKeywordLogger</class>
  <method>startKeyword</method>
  <thread>1</thread>
  <message>Start action : NG_spin_result.add(\&amp;quot;reel_wins\&amp;quot;)</message>
  <nestedLevel>1</nestedLevel>
  <property name="startLine">41</property>
  <property name="stepIndex">12</property>
</record>
<record>
  <date>2019-08-14T09:03:41</date>
  <millis>1565744621036</millis>
  <sequence>60</sequence>
  <level>END</level>
  <class>com.kms.katalon.core.logging.XmlKeywordLogger</class>
  <method>endKeyword</method>
  <thread>1</thread>
  <message>End action : NG_spin_result.add(\&amp;quot;reel_wins\&amp;quot;)</message>
  <nestedLevel>1</nestedLevel>
</record>
<record>
  <date>2019-08-14T09:03:41</date>
  <millis>1565744621036</millis>
  <sequence>61</sequence>
  <level>START</level>
  <class>com.kms.katalon.core.logging.XmlKeywordLogger</class>
  <method>startKeyword</method>
  <thread>1</thread>
  <message>Start action : NG_spin_result.add(\&amp;quot;reels\&amp;quot;)</message>
  <nestedLevel>1</nestedLevel>
  <property name="startLine">43</property>
  <property name="stepIndex">13</property>
</record>
<record>
  <date>2019-08-14T09:03:41</date>
  <millis>1565744621037</millis>
  <sequence>62</sequence>
  <level>END</level>
  <class>com.kms.katalon.core.logging.XmlKeywordLogger</class>
  <method>endKeyword</method>
  <thread>1</thread>
  <message>End action : NG_spin_result.add(\&amp;quot;reels\&amp;quot;)</message>
  <nestedLevel>1</nestedLevel>
</record>
<record>
  <date>2019-08-14T09:03:41</date>
  <millis>1565744621037</millis>
  <sequence>63</sequence>
  <level>START</level>
  <class>com.kms.katalon.core.logging.XmlKeywordLogger</class>
  <method>startKeyword</method>
  <thread>1</thread>
  <message>Start action : NG_spin_result.add(\&amp;quot;scatter_win\&amp;quot;)</message>
  <nestedLevel>1</nestedLevel>
  <property name="startLine">45</property>
  <property name="stepIndex">14</property>
</record>
<record>
  <date>2019-08-14T09:03:41</date>
  <millis>1565744621038</millis>
  <sequence>64</sequence>
  <level>END</level>
  <class>com.kms.katalon.core.logging.XmlKeywordLogger</class>
  <method>endKeyword</method>
  <thread>1</thread>
  <message>End action : NG_spin_result.add(\&amp;quot;scatter_win\&amp;quot;)</message>
  <nestedLevel>1</nestedLevel>
</record>
<record>
  <date>2019-08-14T09:03:41</date>
  <millis>1565744621038</millis>
  <sequence>65</sequence>
  <level>START</level>
  <class>com.kms.katalon.core.logging.XmlKeywordLogger</class>
  <method>startKeyword</method>
  <thread>1</thread>
  <message>Start action : NG_spin_result.add(\&amp;quot;total_bet\&amp;quot;)</message>
  <nestedLevel>1</nestedLevel>
  <property name="startLine">47</property>
  <property name="stepIndex">15</property>
</record>
<record>
  <date>2019-08-14T09:03:41</date>
  <millis>1565744621040</millis>
  <sequence>66</sequence>
  <level>END</level>
  <class>com.kms.katalon.core.logging.XmlKeywordLogger</class>
  <method>endKeyword</method>
  <thread>1</thread>
  <message>End action : NG_spin_result.add(\&amp;quot;total_bet\&amp;quot;)</message>
  <nestedLevel>1</nestedLevel>
</record>
<record>
  <date>2019-08-14T09:03:41</date>
  <millis>1565744621040</millis>
  <sequence>67</sequence>
  <level>START</level>
  <class>com.kms.katalon.core.logging.XmlKeywordLogger</class>
  <method>startKeyword</method>
  <thread>1</thread>
  <message>Start action : NG_spin_result.add(\&amp;quot;total_win\&amp;quot;)</message>
  <nestedLevel>1</nestedLevel>
  <property name="startLine">49</property>
  <property name="stepIndex">16</property>
</record>
<record>
  <date>2019-08-14T09:03:41</date>
  <millis>1565744621041</millis>
  <sequence>68</sequence>
  <level>END</level>
  <class>com.kms.katalon.core.logging.XmlKeywordLogger</class>
  <method>endKeyword</method>
  <thread>1</thread>
  <message>End action : NG_spin_result.add(\&amp;quot;total_win\&amp;quot;)</message>
  <nestedLevel>1</nestedLevel>
</record>
<record>
  <date>2019-08-14T09:03:41</date>
  <millis>1565744621042</millis>
  <sequence>69</sequence>
  <level>START</level>
  <class>com.kms.katalon.core.logging.XmlKeywordLogger</class>
  <method>startKeyword</method>
  <thread>1</thread>
  <message>Start action : NG_spin_result.add(\&amp;quot;transaction_id\&amp;quot;)</message>
  <nestedLevel>1</nestedLevel>
  <property name="startLine">51</property>
  <property name="stepIndex">17</property>
</record>
<record>
  <date>2019-08-14T09:03:41</date>
  <millis>1565744621043</millis>
  <sequence>70</sequence>
  <level>END</level>
  <class>com.kms.katalon.core.logging.XmlKeywordLogger</class>
  <method>endKeyword</method>
  <thread>1</thread>
  <message>End action : NG_spin_result.add(\&amp;quot;transaction_id\&amp;quot;)</message>
  <nestedLevel>1</nestedLevel>
</record>
<record>
  <date>2019-08-14T09:03:41</date>
  <millis>1565744621043</millis>
  <sequence>71</sequence>
  <level>START</level>
  <class>com.kms.katalon.core.logging.XmlKeywordLogger</class>
  <method>startKeyword</method>
  <thread>1</thread>
  <message>Start action : NG_spin_result.add(\&amp;quot;transaction_time\&amp;quot;)</message>
  <nestedLevel>1</nestedLevel>
  <property name="startLine">53</property>
  <property name="stepIndex">18</property>
</record>
<record>
  <date>2019-08-14T09:03:41</date>
  <millis>1565744621043</millis>
  <sequence>72</sequence>
  <level>END</level>
  <class>com.kms.katalon.core.logging.XmlKeywordLogger</class>
  <method>endKeyword</method>
  <thread>1</thread>
  <message>End action : NG_spin_result.add(\&amp;quot;transaction_time\&amp;quot;)</message>
  <nestedLevel>1</nestedLevel>
</record>
<record>
  <date>2019-08-14T09:03:41</date>
  <millis>1565744621044</millis>
  <sequence>73</sequence>
  <level>START</level>
  <class>com.kms.katalon.core.logging.XmlKeywordLogger</class>
  <method>startKeyword</method>
  <thread>1</thread>
  <message>Start action : NG_spin_result.add(\&amp;quot;transaction_type\&amp;quot;)</message>
  <nestedLevel>1</nestedLevel>
  <property name="startLine">55</property>
  <property name="stepIndex">19</property>
</record>
<record>
  <date>2019-08-14T09:03:41</date>
  <millis>1565744621045</millis>
  <sequence>74</sequence>
  <level>END</level>
  <class>com.kms.katalon.core.logging.XmlKeywordLogger</class>
  <method>endKeyword</method>
  <thread>1</thread>
  <message>End action : NG_spin_result.add(\&amp;quot;transaction_type\&amp;quot;)</message>
  <nestedLevel>1</nestedLevel>
</record>
<record>
  <date>2019-08-14T09:03:41</date>
  <millis>1565744621045</millis>
  <sequence>75</sequence>
  <level>START</level>
  <class>com.kms.katalon.core.logging.XmlKeywordLogger</class>
  <method>startKeyword</method>
  <thread>1</thread>
  <message>Start action : NG_feature_trigger = new java.util.ArrayList()</message>
  <nestedLevel>1</nestedLevel>
  <property name="startLine">57</property>
  <property name="stepIndex">20</property>
</record>
<record>
  <date>2019-08-14T09:03:41</date>
  <millis>1565744621046</millis>
  <sequence>76</sequence>
  <level>END</level>
  <class>com.kms.katalon.core.logging.XmlKeywordLogger</class>
  <method>endKeyword</method>
  <thread>1</thread>
  <message>End action : NG_feature_trigger = new java.util.ArrayList()</message>
  <nestedLevel>1</nestedLevel>
</record>
<record>
  <date>2019-08-14T09:03:41</date>
  <millis>1565744621046</millis>
  <sequence>77</sequence>
  <level>START</level>
  <class>com.kms.katalon.core.logging.XmlKeywordLogger</class>
  <method>startKeyword</method>
  <thread>1</thread>
  <message>Start action : NG_feature_trigger.add(\&amp;quot;complete\&amp;quot;)</message>
  <nestedLevel>1</nestedLevel>
  <property name="startLine">59</property>
  <property name="stepIndex">21</property>
</record>
<record>
  <date>2019-08-14T09:03:41</date>
  <millis>1565744621047</millis>
  <sequence>78</sequence>
  <level>END</level>
  <class>com.kms.katalon.core.logging.XmlKeywordLogger</class>
  <method>endKeyword</method>
  <thread>1</thread>
  <message>End action : NG_feature_trigger.add(\&amp;quot;complete\&amp;quot;)</message>
  <nestedLevel>1</nestedLevel>
</record>
<record>
  <date>2019-08-14T09:03:41</date>
  <millis>1565744621047</millis>
  <sequence>79</sequence>
  <level>START</level>
  <class>com.kms.katalon.core.logging.XmlKeywordLogger</class>
  <method>startKeyword</method>
  <thread>1</thread>
  <message>Start action : NG_feature_trigger.add(\&amp;quot;feature_state\&amp;quot;)</message>
  <nestedLevel>1</nestedLevel>
  <property name="startLine">61</property>
  <property name="stepIndex">22</property>
</record>
<record>
  <date>2019-08-14T09:03:41</date>
  <millis>1565744621048</millis>
  <sequence>80</sequence>
  <level>END</level>
  <class>com.kms.katalon.core.logging.XmlKeywordLogger</class>
  <method>endKeyword</method>
  <thread>1</thread>
  <message>End action : NG_feature_trigger.add(\&amp;quot;feature_state\&amp;quot;)</message>
  <nestedLevel>1</nestedLevel>
</record>
<record>
  <date>2019-08-14T09:03:41</date>
  <millis>1565744621048</millis>
  <sequence>81</sequence>
  <level>START</level>
  <class>com.kms.katalon.core.logging.XmlKeywordLogger</class>
  <method>startKeyword</method>
  <thread>1</thread>
  <message>Start action : NG_feature_trigger.add(\&amp;quot;subfeatures\&amp;quot;)</message>
  <nestedLevel>1</nestedLevel>
  <property name="startLine">63</property>
  <property name="stepIndex">23</property>
</record>
<record>
  <date>2019-08-14T09:03:41</date>
  <millis>1565744621048</millis>
  <sequence>82</sequence>
  <level>END</level>
  <class>com.kms.katalon.core.logging.XmlKeywordLogger</class>
  <method>endKeyword</method>
  <thread>1</thread>
  <message>End action : NG_feature_trigger.add(\&amp;quot;subfeatures\&amp;quot;)</message>
  <nestedLevel>1</nestedLevel>
</record>
<record>
  <date>2019-08-14T09:03:41</date>
  <millis>1565744621049</millis>
  <sequence>83</sequence>
  <level>START</level>
  <class>com.kms.katalon.core.logging.XmlKeywordLogger</class>
  <method>startKeyword</method>
  <thread>1</thread>
  <message>Start action : NG_feature_trigger.add(\&amp;quot;type\&amp;quot;)</message>
  <nestedLevel>1</nestedLevel>
  <property name="startLine">65</property>
  <property name="stepIndex">24</property>
</record>
<record>
  <date>2019-08-14T09:03:41</date>
  <millis>1565744621049</millis>
  <sequence>84</sequence>
  <level>END</level>
  <class>com.kms.katalon.core.logging.XmlKeywordLogger</class>
  <method>endKeyword</method>
  <thread>1</thread>
  <message>End action : NG_feature_trigger.add(\&amp;quot;type\&amp;quot;)</message>
  <nestedLevel>1</nestedLevel>
</record>
<record>
  <date>2019-08-14T09:03:41</date>
  <millis>1565744621049</millis>
  <sequence>85</sequence>
  <level>START</level>
  <class>com.kms.katalon.core.logging.XmlKeywordLogger</class>
  <method>startKeyword</method>
  <thread>1</thread>
  <message>Start action : NG_feature_state = new java.util.ArrayList()</message>
  <nestedLevel>1</nestedLevel>
  <property name="startLine">67</property>
  <property name="stepIndex">25</property>
</record>
<record>
  <date>2019-08-14T09:03:41</date>
  <millis>1565744621050</millis>
  <sequence>86</sequence>
  <level>END</level>
  <class>com.kms.katalon.core.logging.XmlKeywordLogger</class>
  <method>endKeyword</method>
  <thread>1</thread>
  <message>End action : NG_feature_state = new java.util.ArrayList()</message>
  <nestedLevel>1</nestedLevel>
</record>
<record>
  <date>2019-08-14T09:03:41</date>
  <millis>1565744621050</millis>
  <sequence>87</sequence>
  <level>START</level>
  <class>com.kms.katalon.core.logging.XmlKeywordLogger</class>
  <method>startKeyword</method>
  <thread>1</thread>
  <message>Start action : NG_feature_state.add(\&amp;quot;free_spins_left\&amp;quot;)</message>
  <nestedLevel>1</nestedLevel>
  <property name="startLine">69</property>
  <property name="stepIndex">26</property>
</record>
<record>
  <date>2019-08-14T09:03:41</date>
  <millis>1565744621051</millis>
  <sequence>88</sequence>
  <level>END</level>
  <class>com.kms.katalon.core.logging.XmlKeywordLogger</class>
  <method>endKeyword</method>
  <thread>1</thread>
  <message>End action : NG_feature_state.add(\&amp;quot;free_spins_left\&amp;quot;)</message>
  <nestedLevel>1</nestedLevel>
</record>
<record>
  <date>2019-08-14T09:03:41</date>
  <millis>1565744621051</millis>
  <sequence>89</sequence>
  <level>START</level>
  <class>com.kms.katalon.core.logging.XmlKeywordLogger</class>
  <method>startKeyword</method>
  <thread>1</thread>
  <message>Start action : NG_feature_state.add(\&amp;quot;total_free_spin_count\&amp;quot;)</message>
  <nestedLevel>1</nestedLevel>
  <property name="startLine">71</property>
  <property name="stepIndex">27</property>
</record>
<record>
  <date>2019-08-14T09:03:41</date>
  <millis>1565744621051</millis>
  <sequence>90</sequence>
  <level>END</level>
  <class>com.kms.katalon.core.logging.XmlKeywordLogger</class>
  <method>endKeyword</method>
  <thread>1</thread>
  <message>End action : NG_feature_state.add(\&amp;quot;total_free_spin_count\&amp;quot;)</message>
  <nestedLevel>1</nestedLevel>
</record>
<record>
  <date>2019-08-14T09:03:41</date>
  <millis>1565744621052</millis>
  <sequence>91</sequence>
  <level>START</level>
  <class>com.kms.katalon.core.logging.XmlKeywordLogger</class>
  <method>startKeyword</method>
  <thread>1</thread>
  <message>Start action : NG_feature_state.add(\&amp;quot;total_free_spin_win_amount\&amp;quot;)</message>
  <nestedLevel>1</nestedLevel>
  <property name="startLine">73</property>
  <property name="stepIndex">28</property>
</record>
<record>
  <date>2019-08-14T09:03:41</date>
  <millis>1565744621052</millis>
  <sequence>92</sequence>
  <level>END</level>
  <class>com.kms.katalon.core.logging.XmlKeywordLogger</class>
  <method>endKeyword</method>
  <thread>1</thread>
  <message>End action : NG_feature_state.add(\&amp;quot;total_free_spin_win_amount\&amp;quot;)</message>
  <nestedLevel>1</nestedLevel>
</record>
<record>
  <date>2019-08-14T09:03:41</date>
  <millis>1565744621053</millis>
  <sequence>93</sequence>
  <level>START</level>
  <class>com.kms.katalon.core.logging.XmlKeywordLogger</class>
  <method>startKeyword</method>
  <thread>1</thread>
  <message>Start action : NG_reel = new java.util.ArrayList()</message>
  <nestedLevel>1</nestedLevel>
  <property name="startLine">76</property>
  <property name="stepIndex">29</property>
</record>
<record>
  <date>2019-08-14T09:03:41</date>
  <millis>1565744621053</millis>
  <sequence>94</sequence>
  <level>END</level>
  <class>com.kms.katalon.core.logging.XmlKeywordLogger</class>
  <method>endKeyword</method>
  <thread>1</thread>
  <message>End action : NG_reel = new java.util.ArrayList()</message>
  <nestedLevel>1</nestedLevel>
</record>
<record>
  <date>2019-08-14T09:03:41</date>
  <millis>1565744621053</millis>
  <sequence>95</sequence>
  <level>START</level>
  <class>com.kms.katalon.core.logging.XmlKeywordLogger</class>
  <method>startKeyword</method>
  <thread>1</thread>
  <message>Start action : NG_reel.add(\&amp;quot;symbols\&amp;quot;)</message>
  <nestedLevel>1</nestedLevel>
  <property name="startLine">78</property>
  <property name="stepIndex">30</property>
</record>
<record>
  <date>2019-08-14T09:03:41</date>
  <millis>1565744621054</millis>
  <sequence>96</sequence>
  <level>END</level>
  <class>com.kms.katalon.core.logging.XmlKeywordLogger</class>
  <method>endKeyword</method>
  <thread>1</thread>
  <message>End action : NG_reel.add(\&amp;quot;symbols\&amp;quot;)</message>
  <nestedLevel>1</nestedLevel>
</record>
<record>
  <date>2019-08-14T09:03:41</date>
  <millis>1565744621054</millis>
  <sequence>97</sequence>
  <level>START</level>
  <class>com.kms.katalon.core.logging.XmlKeywordLogger</class>
  <method>startKeyword</method>
  <thread>1</thread>
  <message>Start action : NG_reel_symbol1 = new java.util.ArrayList()</message>
  <nestedLevel>1</nestedLevel>
  <property name="startLine">80</property>
  <property name="stepIndex">31</property>
</record>
<record>
  <date>2019-08-14T09:03:41</date>
  <millis>1565744621055</millis>
  <sequence>98</sequence>
  <level>END</level>
  <class>com.kms.katalon.core.logging.XmlKeywordLogger</class>
  <method>endKeyword</method>
  <thread>1</thread>
  <message>End action : NG_reel_symbol1 = new java.util.ArrayList()</message>
  <nestedLevel>1</nestedLevel>
</record>
<record>
  <date>2019-08-14T09:03:41</date>
  <millis>1565744621055</millis>
  <sequence>99</sequence>
  <level>START</level>
  <class>com.kms.katalon.core.logging.XmlKeywordLogger</class>
  <method>startKeyword</method>
  <thread>1</thread>
  <message>Start action : NG_reel_symbol1.add(\&amp;quot;symbol\&amp;quot;)</message>
  <nestedLevel>1</nestedLevel>
  <property name="startLine">82</property>
  <property name="stepIndex">32</property>
</record>
<record>
  <date>2019-08-14T09:03:41</date>
  <millis>1565744621055</millis>
  <sequence>100</sequence>
  <level>END</level>
  <class>com.kms.katalon.core.logging.XmlKeywordLogger</class>
  <method>endKeyword</method>
  <thread>1</thread>
  <message>End action : NG_reel_symbol1.add(\&amp;quot;symbol\&amp;quot;)</message>
  <nestedLevel>1</nestedLevel>
</record>
<record>
  <date>2019-08-14T09:03:41</date>
  <millis>1565744621056</millis>
  <sequence>101</sequence>
  <level>START</level>
  <class>com.kms.katalon.core.logging.XmlKeywordLogger</class>
  <method>startKeyword</method>
  <thread>1</thread>
  <message>Start action : NG_reel_symbol2 = new java.util.ArrayList()</message>
  <nestedLevel>1</nestedLevel>
  <property name="startLine">84</property>
  <property name="stepIndex">33</property>
</record>
<record>
  <date>2019-08-14T09:03:41</date>
  <millis>1565744621056</millis>
  <sequence>102</sequence>
  <level>END</level>
  <class>com.kms.katalon.core.logging.XmlKeywordLogger</class>
  <method>endKeyword</method>
  <thread>1</thread>
  <message>End action : NG_reel_symbol2 = new java.util.ArrayList()</message>
  <nestedLevel>1</nestedLevel>
</record>
<record>
  <date>2019-08-14T09:03:41</date>
  <millis>1565744621056</millis>
  <sequence>103</sequence>
  <level>START</level>
  <class>com.kms.katalon.core.logging.XmlKeywordLogger</class>
  <method>startKeyword</method>
  <thread>1</thread>
  <message>Start action : NG_reel_symbol2.add(\&amp;quot;symbol\&amp;quot;)</message>
  <nestedLevel>1</nestedLevel>
  <property name="startLine">86</property>
  <property name="stepIndex">34</property>
</record>
<record>
  <date>2019-08-14T09:03:41</date>
  <millis>1565744621057</millis>
  <sequence>104</sequence>
  <level>END</level>
  <class>com.kms.katalon.core.logging.XmlKeywordLogger</class>
  <method>endKeyword</method>
  <thread>1</thread>
  <message>End action : NG_reel_symbol2.add(\&amp;quot;symbol\&amp;quot;)</message>
  <nestedLevel>1</nestedLevel>
</record>
<record>
  <date>2019-08-14T09:03:41</date>
  <millis>1565744621057</millis>
  <sequence>105</sequence>
  <level>START</level>
  <class>com.kms.katalon.core.logging.XmlKeywordLogger</class>
  <method>startKeyword</method>
  <thread>1</thread>
  <message>Start action : NG_reel_symbol3 = new java.util.ArrayList()</message>
  <nestedLevel>1</nestedLevel>
  <property name="startLine">88</property>
  <property name="stepIndex">35</property>
</record>
<record>
  <date>2019-08-14T09:03:41</date>
  <millis>1565744621058</millis>
  <sequence>106</sequence>
  <level>END</level>
  <class>com.kms.katalon.core.logging.XmlKeywordLogger</class>
  <method>endKeyword</method>
  <thread>1</thread>
  <message>End action : NG_reel_symbol3 = new java.util.ArrayList()</message>
  <nestedLevel>1</nestedLevel>
</record>
<record>
  <date>2019-08-14T09:03:41</date>
  <millis>1565744621059</millis>
  <sequence>107</sequence>
  <level>START</level>
  <class>com.kms.katalon.core.logging.XmlKeywordLogger</class>
  <method>startKeyword</method>
  <thread>1</thread>
  <message>Start action : NG_reel_symbol3.add(\&amp;quot;symbol\&amp;quot;)</message>
  <nestedLevel>1</nestedLevel>
  <property name="startLine">90</property>
  <property name="stepIndex">36</property>
</record>
<record>
  <date>2019-08-14T09:03:41</date>
  <millis>1565744621060</millis>
  <sequence>108</sequence>
  <level>END</level>
  <class>com.kms.katalon.core.logging.XmlKeywordLogger</class>
  <method>endKeyword</method>
  <thread>1</thread>
  <message>End action : NG_reel_symbol3.add(\&amp;quot;symbol\&amp;quot;)</message>
  <nestedLevel>1</nestedLevel>
</record>
<record>
  <date>2019-08-14T09:03:41</date>
  <millis>1565744621060</millis>
  <sequence>109</sequence>
  <level>START</level>
  <class>com.kms.katalon.core.logging.XmlKeywordLogger</class>
  <method>startKeyword</method>
  <thread>1</thread>
  <message>Start action : sendRequestAndVerify(findTestObject(\&amp;quot;STG/Wallet/Get_Session_Token\&amp;quot;, [\&amp;quot;url_krug_gw\&amp;quot;:url_krug_gw, \&amp;quot;partner\&amp;quot;:Partner, \&amp;quot;secret_key\&amp;quot;:secret_key, \&amp;quot;userid\&amp;quot;:Userid]))</message>
  <nestedLevel>1</nestedLevel>
  <property name="startLine">92</property>
  <property name="stepIndex">37</property>
</record>
<record>
  <date>2019-08-14T09:03:41</date>
  <millis>1565744621541</millis>
  <sequence>113</sequence>
  <level>START</level>
  <class>com.kms.katalon.core.logging.XmlKeywordLogger</class>
  <method>startTest</method>
  <thread>1</thread>
  <message>Start Test Case : Verification</message>
  <nestedLevel>2</nestedLevel>
</record>
<record>
  <date>2019-08-14T09:03:41</date>
  <millis>1565744621670</millis>
  <sequence>114</sequence>
  <level>START</level>
  <class>com.kms.katalon.core.logging.XmlKeywordLogger</class>
  <method>startKeyword</method>
  <thread>1</thread>
  <message>Start action : request = getInstance().getCurrentRequest()</message>
  <nestedLevel>1</nestedLevel>
  <property name="startLine">9</property>
  <property name="stepIndex">1</property>
</record>
<record>
  <date>2019-08-14T09:03:41</date>
  <millis>1565744621849</millis>
  <sequence>131</sequence>
  <level>END</level>
  <class>com.kms.katalon.core.logging.XmlKeywordLogger</class>
  <method>endKeyword</method>
  <thread>1</thread>
  <message>End action : request = getInstance().getCurrentRequest()</message>
  <nestedLevel>1</nestedLevel>
</record>
<record>
  <date>2019-08-14T09:03:41</date>
  <millis>1565744621849</millis>
  <sequence>132</sequence>
  <level>START</level>
  <class>com.kms.katalon.core.logging.XmlKeywordLogger</class>
  <method>startKeyword</method>
  <thread>1</thread>
  <message>Start action : response = getInstance().getCurrentResponse()</message>
  <nestedLevel>1</nestedLevel>
  <property name="startLine">11</property>
  <property name="stepIndex">2</property>
</record>
<record>
  <date>2019-08-14T09:03:41</date>
  <millis>1565744621851</millis>
  <sequence>133</sequence>
  <level>END</level>
  <class>com.kms.katalon.core.logging.XmlKeywordLogger</class>
  <method>endKeyword</method>
  <thread>1</thread>
  <message>End action : response = getInstance().getCurrentResponse()</message>
  <nestedLevel>1</nestedLevel>
</record>
<record>
  <date>2019-08-14T09:03:41</date>
  <millis>1565744621851</millis>
  <sequence>134</sequence>
  <level>START</level>
  <class>com.kms.katalon.core.logging.XmlKeywordLogger</class>
  <method>startKeyword</method>
  <thread>1</thread>
  <message>Start action : verifyResponseStatusCode(response, 200)</message>
  <nestedLevel>1</nestedLevel>
  <property name="startLine">17</property>
  <property name="stepIndex">3</property>
</record>
<record>
  <date>2019-08-14T09:03:41</date>
  <millis>1565744621864</millis>
  <sequence>136</sequence>
  <level>FAILED</level>
  <class>com.kms.katalon.core.logging.XmlKeywordLogger</class>
  <method>logMessage</method>
  <thread>1</thread>
  <message>Expected status code is &amp;apos;200&amp;apos; but actual status code is &amp;apos;400&amp;apos;</message>
  <nestedLevel>2</nestedLevel>
</record>
<record>
  <date>2019-08-14T09:03:41</date>
  <millis>1565744621894</millis>
  <sequence>139</sequence>
  <level>FAILED</level>
  <class>com.kms.katalon.core.logging.XmlKeywordLogger</class>
  <method>logMessage</method>
  <thread>1</thread>
  <message>Unable to verify response status code (Root cause: com.kms.katalon.core.exception.StepFailedException: Expected status code is &amp;apos;200&amp;apos; but actual status code is &amp;apos;400&amp;apos;\n\tat com.kms.katalon.core.keyword.internal.KeywordMain.stepFailed(KeywordMain.groovy:50)\n\tat com.kms.katalon.core.webservice.keyword.builtin.VerifyResponseStatusCodeKeyword.verifyStatusCode(VerifyResponseStatusCodeKeyword.groovy:52)\n\tat com.kms.katalon.core.webservice.keyword.builtin.VerifyResponseStatusCodeKeyword$_verifyResponseStatusCode_closure1.doCall(VerifyResponseStatusCodeKeyword.groovy:42)\n\tat com.kms.katalon.core.webservice.keyword.builtin.VerifyResponseStatusCodeKeyword$_verifyResponseStatusCode_closure1.call(VerifyResponseStatusCodeKeyword.groovy)\n\tat com.kms.katalon.core.keyword.internal.KeywordMain.runKeyword(KeywordMain.groovy:68)\n\tat com.kms.katalon.core.webservice.keyword.builtin.VerifyResponseStatusCodeKeyword.verifyResponseStatusCode(VerifyResponseStatusCodeKeyword.groovy:37)\n\tat com.kms.katalon.core.webservice.keyword.builtin.VerifyResponseStatusCodeKeyword.execute(VerifyResponseStatusCodeKeyword.groovy:32)\n\tat com.kms.katalon.core.keyword.internal.KeywordExecutor.executeKeywordForPlatform(KeywordExecutor.groovy:56)\n\tat com.kms.katalon.core.webservice.keyword.WSBuiltInKeywords.verifyResponseStatusCode(WSBuiltInKeywords.groovy:212)\n\tat com.kms.katalon.core.webservice.keyword.WSBuiltInKeywords$verifyResponseStatusCode$0.call(Unknown Source)\n\tat WSVerification1565744621542.run(WSVerification1565744621542:17)\n\tat com.kms.katalon.core.main.ScriptEngine.run(ScriptEngine.java:194)\n\tat com.kms.katalon.core.main.ScriptEngine.runScriptAsRawText(ScriptEngine.java:119)\n\tat com.kms.katalon.core.main.WSVerificationExecutor.runScript(WSVerificationExecutor.java:146)\n\tat com.kms.katalon.core.main.WSVerificationExecutor.doExecute(WSVerificationExecutor.java:140)\n\tat com.kms.katalon.core.main.WSVerificationExecutor.processExecutionPhase(WSVerificationExecutor.java:123)\n\tat com.kms.katalon.core.main.WSVerificationExecutor.accessMainPhase(WSVerificationExecutor.java:115)\n\tat com.kms.katalon.core.main.WSVerificationExecutor.execute(WSVerificationExecutor.java:103)\n\tat com.kms.katalon.core.main.TestCaseMain.runWSVerificationScript(TestCaseMain.java:127)\n\tat com.kms.katalon.core.webservice.keyword.builtin.SendRequestAndVerifyKeyword$_sendRequestAndVerify_closure1.doCall(SendRequestAndVerifyKeyword.groovy:51)\n\tat com.kms.katalon.core.webservice.keyword.builtin.SendRequestAndVerifyKeyword$_sendRequestAndVerify_closure1.call(SendRequestAndVerifyKeyword.groovy)\n\tat com.kms.katalon.core.keyword.internal.KeywordMain.runKeyword(KeywordMain.groovy:68)\n\tat com.kms.katalon.core.webservice.keyword.builtin.SendRequestAndVerifyKeyword.sendRequestAndVerify(SendRequestAndVerifyKeyword.groovy:42)\n\tat com.kms.katalon.core.webservice.keyword.builtin.SendRequestAndVerifyKeyword.execute(SendRequestAndVerifyKeyword.groovy:37)\n\tat com.kms.katalon.core.keyword.internal.KeywordExecutor.executeKeywordForPlatform(KeywordExecutor.groovy:56)\n\tat com.kms.katalon.core.webservice.keyword.WSBuiltInKeywords.sendRequestAndVerify(WSBuiltInKeywords.groovy:65)\n\tat com.kms.katalon.core.webservice.keyword.WSBuiltInKeywords$sendRequestAndVerify.call(Unknown Source)\n\tat 1_Free_Spin_CALL.run(1_Free_Spin_CALL:92)\n\tat com.kms.katalon.core.main.ScriptEngine.run(ScriptEngine.java:194)\n\tat com.kms.katalon.core.main.ScriptEngine.runScriptAsRawText(ScriptEngine.java:119)\n\tat com.kms.katalon.core.main.TestCaseExecutor.runScript(TestCaseExecutor.java:337)\n\tat com.kms.katalon.core.main.TestCaseExecutor.doExecute(TestCaseExecutor.java:328)\n\tat com.kms.katalon.core.main.TestCaseExecutor.processExecutionPhase(TestCaseExecutor.java:307)\n\tat com.kms.katalon.core.main.TestCaseExecutor.accessMainPhase(TestCaseExecutor.java:299)\n\tat com.kms.katalon.core.main.TestCaseExecutor.execute(TestCaseExecutor.java:233)\n\tat com.kms.katalon.core.main.TestSuiteExecutor.accessTestCaseMainPhase(TestSuiteExecutor.java:133)\n\tat com.kms.katalon.core.main.TestSuiteExecutor.accessTestSuiteMainPhase(TestSuiteExecutor.java:116)\n\tat com.kms.katalon.core.main.TestSuiteExecutor.execute(TestSuiteExecutor.java:83)\n\tat com.kms.katalon.core.main.TestCaseMain.startTestSuite(TestCaseMain.java:157)\n\tat com.kms.katalon.core.main.TestCaseMain$startTestSuite$0.call(Unknown Source)\n\tat TempTestSuite1565744617522.run(TempTestSuite1565744617522.groovy:35)\n)</message>
  <nestedLevel>2</nestedLevel>
  <property name="failed.exception.class">com.kms.katalon.core.exception.StepFailedException</property>
  <property name="failed.exception.stacktrace">com.kms.katalon.core.exception.StepFailedException: Expected status code is &apos;200&apos; but actual status code is &apos;400&apos;\n\tat com.kms.katalon.core.keyword.internal.KeywordMain.stepFailed(KeywordMain.groovy:50)\n\tat com.kms.katalon.core.webservice.keyword.builtin.VerifyResponseStatusCodeKeyword.verifyStatusCode(VerifyResponseStatusCodeKeyword.groovy:52)\n\tat com.kms.katalon.core.webservice.keyword.builtin.VerifyResponseStatusCodeKeyword$_verifyResponseStatusCode_closure1.doCall(VerifyResponseStatusCodeKeyword.groovy:42)\n\tat com.kms.katalon.core.webservice.keyword.builtin.VerifyResponseStatusCodeKeyword$_verifyResponseStatusCode_closure1.call(VerifyResponseStatusCodeKeyword.groovy)\n\tat com.kms.katalon.core.keyword.internal.KeywordMain.runKeyword(KeywordMain.groovy:68)\n\tat com.kms.katalon.core.webservice.keyword.builtin.VerifyResponseStatusCodeKeyword.verifyResponseStatusCode(VerifyResponseStatusCodeKeyword.groovy:37)\n\tat com.kms.katalon.core.webservice.keyword.builtin.VerifyResponseStatusCodeKeyword.execute(VerifyResponseStatusCodeKeyword.groovy:32)\n\tat com.kms.katalon.core.keyword.internal.KeywordExecutor.executeKeywordForPlatform(KeywordExecutor.groovy:56)\n\tat com.kms.katalon.core.webservice.keyword.WSBuiltInKeywords.verifyResponseStatusCode(WSBuiltInKeywords.groovy:212)\n\tat com.kms.katalon.core.webservice.keyword.WSBuiltInKeywords$verifyResponseStatusCode$0.call(Unknown Source)\n\tat WSVerification1565744621542.run(WSVerification1565744621542:17)\n\tat com.kms.katalon.core.main.ScriptEngine.run(ScriptEngine.java:194)\n\tat com.kms.katalon.core.main.ScriptEngine.runScriptAsRawText(ScriptEngine.java:119)\n\tat com.kms.katalon.core.main.WSVerificationExecutor.runScript(WSVerificationExecutor.java:146)\n\tat com.kms.katalon.core.main.WSVerificationExecutor.doExecute(WSVerificationExecutor.java:140)\n\tat com.kms.katalon.core.main.WSVerificationExecutor.processExecutionPhase(WSVerificationExecutor.java:123)\n\tat com.kms.katalon.core.main.WSVerificationExecutor.accessMainPhase(WSVerificationExecutor.java:115)\n\tat com.kms.katalon.core.main.WSVerificationExecutor.execute(WSVerificationExecutor.java:103)\n\tat com.kms.katalon.core.main.TestCaseMain.runWSVerificationScript(TestCaseMain.java:127)\n\tat com.kms.katalon.core.webservice.keyword.builtin.SendRequestAndVerifyKeyword$_sendRequestAndVerify_closure1.doCall(SendRequestAndVerifyKeyword.groovy:51)\n\tat com.kms.katalon.core.webservice.keyword.builtin.SendRequestAndVerifyKeyword$_sendRequestAndVerify_closure1.call(SendRequestAndVerifyKeyword.groovy)\n\tat com.kms.katalon.core.keyword.internal.KeywordMain.runKeyword(KeywordMain.groovy:68)\n\tat com.kms.katalon.core.webservice.keyword.builtin.SendRequestAndVerifyKeyword.sendRequestAndVerify(SendRequestAndVerifyKeyword.groovy:42)\n\tat com.kms.katalon.core.webservice.keyword.builtin.SendRequestAndVerifyKeyword.execute(SendRequestAndVerifyKeyword.groovy:37)\n\tat com.kms.katalon.core.keyword.internal.KeywordExecutor.executeKeywordForPlatform(KeywordExecutor.groovy:56)\n\tat com.kms.katalon.core.webservice.keyword.WSBuiltInKeywords.sendRequestAndVerify(WSBuiltInKeywords.groovy:65)\n\tat com.kms.katalon.core.webservice.keyword.WSBuiltInKeywords$sendRequestAndVerify.call(Unknown Source)\n\tat 1_Free_Spin_CALL.run(1_Free_Spin_CALL:92)\n\tat com.kms.katalon.core.main.ScriptEngine.run(ScriptEngine.java:194)\n\tat com.kms.katalon.core.main.ScriptEngine.runScriptAsRawText(ScriptEngine.java:119)\n\tat com.kms.katalon.core.main.TestCaseExecutor.runScript(TestCaseExecutor.java:337)\n\tat com.kms.katalon.core.main.TestCaseExecutor.doExecute(TestCaseExecutor.java:328)\n\tat com.kms.katalon.core.main.TestCaseExecutor.processExecutionPhase(TestCaseExecutor.java:307)\n\tat com.kms.katalon.core.main.TestCaseExecutor.accessMainPhase(TestCaseExecutor.java:299)\n\tat com.kms.katalon.core.main.TestCaseExecutor.execute(TestCaseExecutor.java:233)\n\tat com.kms.katalon.core.main.TestSuiteExecutor.accessTestCaseMainPhase(TestSuiteExecutor.java:133)\n\tat com.kms.katalon.core.main.TestSuiteExecutor.accessTestSuiteMainPhase(TestSuiteExecutor.java:116)\n\tat com.kms.katalon.core.main.TestSuiteExecutor.execute(TestSuiteExecutor.java:83)\n\tat com.kms.katalon.core.main.TestCaseMain.startTestSuite(TestCaseMain.java:157)\n\tat com.kms.katalon.core.main.TestCaseMain$startTestSuite$0.call(Unknown Source)\n\tat TempTestSuite1565744617522.run(TempTestSuite1565744617522.groovy:35)\n</property>
  <property name="failed.exception.message">Expected status code is &apos;200&apos; but actual status code is &apos;400&apos;</property>
</record>
<record>
  <date>2019-08-14T09:03:41</date>
  <millis>1565744621896</millis>
  <sequence>140</sequence>
  <level>END</level>
  <class>com.kms.katalon.core.logging.XmlKeywordLogger</class>
  <method>endKeyword</method>
  <thread>1</thread>
  <message>End action : verifyResponseStatusCode(response, 200)</message>
  <nestedLevel>1</nestedLevel>
</record>
<record>
  <date>2019-08-14T09:03:41</date>
  <millis>1565744621897</millis>
  <sequence>142</sequence>
  <level>FAILED</level>
  <class>com.kms.katalon.core.logging.XmlKeywordLogger</class>
  <method>logMessage</method>
  <thread>1</thread>
  <message>Verification FAILED.\nReason:\ncom.kms.katalon.core.exception.StepFailedException: Expected status code is &amp;apos;200&amp;apos; but actual status code is &amp;apos;400&amp;apos;\n\tat com.kms.katalon.core.keyword.internal.KeywordMain.stepFailed(KeywordMain.groovy:50)\n\tat com.kms.katalon.core.webservice.keyword.builtin.VerifyResponseStatusCodeKeyword.verifyStatusCode(VerifyResponseStatusCodeKeyword.groovy:52)\n\tat com.kms.katalon.core.webservice.keyword.builtin.VerifyResponseStatusCodeKeyword$_verifyResponseStatusCode_closure1.doCall(VerifyResponseStatusCodeKeyword.groovy:42)\n\tat com.kms.katalon.core.webservice.keyword.builtin.VerifyResponseStatusCodeKeyword$_verifyResponseStatusCode_closure1.call(VerifyResponseStatusCodeKeyword.groovy)\n\tat com.kms.katalon.core.keyword.internal.KeywordMain.runKeyword(KeywordMain.groovy:68)\n\tat com.kms.katalon.core.webservice.keyword.builtin.VerifyResponseStatusCodeKeyword.verifyResponseStatusCode(VerifyResponseStatusCodeKeyword.groovy:37)\n\tat com.kms.katalon.core.webservice.keyword.builtin.VerifyResponseStatusCodeKeyword.execute(VerifyResponseStatusCodeKeyword.groovy:32)\n\tat com.kms.katalon.core.keyword.internal.KeywordExecutor.executeKeywordForPlatform(KeywordExecutor.groovy:56)\n\tat com.kms.katalon.core.webservice.keyword.WSBuiltInKeywords.verifyResponseStatusCode(WSBuiltInKeywords.groovy:212)\n\tat com.kms.katalon.core.webservice.keyword.WSBuiltInKeywords$verifyResponseStatusCode$0.call(Unknown Source)\n\tat WSVerification1565744621542.run(WSVerification1565744621542:17)\n\tat com.kms.katalon.core.main.ScriptEngine.run(ScriptEngine.java:194)\n\tat com.kms.katalon.core.main.ScriptEngine.runScriptAsRawText(ScriptEngine.java:119)\n\tat com.kms.katalon.core.main.WSVerificationExecutor.runScript(WSVerificationExecutor.java:146)\n\tat com.kms.katalon.core.main.WSVerificationExecutor.doExecute(WSVerificationExecutor.java:140)\n\tat com.kms.katalon.core.main.WSVerificationExecutor.processExecutionPhase(WSVerificationExecutor.java:123)\n\tat com.kms.katalon.core.main.WSVerificationExecutor.accessMainPhase(WSVerificationExecutor.java:115)\n\tat com.kms.katalon.core.main.WSVerificationExecutor.execute(WSVerificationExecutor.java:103)\n\tat com.kms.katalon.core.main.TestCaseMain.runWSVerificationScript(TestCaseMain.java:127)\n\tat com.kms.katalon.core.webservice.keyword.builtin.SendRequestAndVerifyKeyword$_sendRequestAndVerify_closure1.doCall(SendRequestAndVerifyKeyword.groovy:51)\n\tat com.kms.katalon.core.webservice.keyword.builtin.SendRequestAndVerifyKeyword$_sendRequestAndVerify_closure1.call(SendRequestAndVerifyKeyword.groovy)\n\tat com.kms.katalon.core.keyword.internal.KeywordMain.runKeyword(KeywordMain.groovy:68)\n\tat com.kms.katalon.core.webservice.keyword.builtin.SendRequestAndVerifyKeyword.sendRequestAndVerify(SendRequestAndVerifyKeyword.groovy:42)\n\tat com.kms.katalon.core.webservice.keyword.builtin.SendRequestAndVerifyKeyword.execute(SendRequestAndVerifyKeyword.groovy:37)\n\tat com.kms.katalon.core.keyword.internal.KeywordExecutor.executeKeywordForPlatform(KeywordExecutor.groovy:56)\n\tat com.kms.katalon.core.webservice.keyword.WSBuiltInKeywords.sendRequestAndVerify(WSBuiltInKeywords.groovy:65)\n\tat com.kms.katalon.core.webservice.keyword.WSBuiltInKeywords$sendRequestAndVerify.call(Unknown Source)\n\tat 1_Free_Spin_CALL.run(1_Free_Spin_CALL:92)\n\tat com.kms.katalon.core.main.ScriptEngine.run(ScriptEngine.java:194)\n\tat com.kms.katalon.core.main.ScriptEngine.runScriptAsRawText(ScriptEngine.java:119)\n\tat com.kms.katalon.core.main.TestCaseExecutor.runScript(TestCaseExecutor.java:337)\n\tat com.kms.katalon.core.main.TestCaseExecutor.doExecute(TestCaseExecutor.java:328)\n\tat com.kms.katalon.core.main.TestCaseExecutor.processExecutionPhase(TestCaseExecutor.java:307)\n\tat com.kms.katalon.core.main.TestCaseExecutor.accessMainPhase(TestCaseExecutor.java:299)\n\tat com.kms.katalon.core.main.TestCaseExecutor.execute(TestCaseExecutor.java:233)\n\tat com.kms.katalon.core.main.TestSuiteExecutor.accessTestCaseMainPhase(TestSuiteExecutor.java:133)\n\tat com.kms.katalon.core.main.TestSuiteExecutor.accessTestSuiteMainPhase(TestSuiteExecutor.java:116)\n\tat com.kms.katalon.core.main.TestSuiteExecutor.execute(TestSuiteExecutor.java:83)\n\tat com.kms.katalon.core.main.TestCaseMain.startTestSuite(TestCaseMain.java:157)\n\tat com.kms.katalon.core.main.TestCaseMain$startTestSuite$0.call(Unknown Source)\n\tat TempTestSuite1565744617522.run(TempTestSuite1565744617522.groovy:35)\n</message>
  <exception>
    <message>com.kms.katalon.core.exception.StepFailedException: Expected status code is '200' but actual status code is '400'</message>
    <frame>
      <class>com.kms.katalon.core.keyword.internal.KeywordMain</class>
      <method>stepFailed</method>
      <line>50</line>
    </frame>
    <frame>
      <class>com.kms.katalon.core.webservice.keyword.builtin.VerifyResponseStatusCodeKeyword</class>
      <method>verifyStatusCode</method>
      <line>52</line>
    </frame>
    <frame>
      <class>com.kms.katalon.core.webservice.keyword.builtin.VerifyResponseStatusCodeKeyword$_verifyResponseStatusCode_closure1</class>
      <method>doCall</method>
      <line>42</line>
    </frame>
    <frame>
      <class>com.kms.katalon.core.webservice.keyword.builtin.VerifyResponseStatusCodeKeyword$_verifyResponseStatusCode_closure1</class>
      <method>call</method>
    </frame>
    <frame>
      <class>com.kms.katalon.core.keyword.internal.KeywordMain</class>
      <method>runKeyword</method>
      <line>68</line>
    </frame>
    <frame>
      <class>com.kms.katalon.core.webservice.keyword.builtin.VerifyResponseStatusCodeKeyword</class>
      <method>verifyResponseStatusCode</method>
      <line>37</line>
    </frame>
    <frame>
      <class>com.kms.katalon.core.webservice.keyword.builtin.VerifyResponseStatusCodeKeyword</class>
      <method>execute</method>
      <line>32</line>
    </frame>
    <frame>
      <class>com.kms.katalon.core.keyword.internal.KeywordExecutor</class>
      <method>executeKeywordForPlatform</method>
      <line>56</line>
    </frame>
    <frame>
      <class>com.kms.katalon.core.webservice.keyword.WSBuiltInKeywords</class>
      <method>verifyResponseStatusCode</method>
      <line>212</line>
    </frame>
    <frame>
      <class>com.kms.katalon.core.webservice.keyword.WSBuiltInKeywords$verifyResponseStatusCode$0</class>
      <method>call</method>
    </frame>
    <frame>
      <class>WSVerification1565744621542</class>
      <method>run</method>
      <line>17</line>
    </frame>
    <frame>
      <class>com.kms.katalon.core.main.ScriptEngine</class>
      <method>run</method>
      <line>194</line>
    </frame>
    <frame>
      <class>com.kms.katalon.core.main.ScriptEngine</class>
      <method>runScriptAsRawText</method>
      <line>119</line>
    </frame>
    <frame>
      <class>com.kms.katalon.core.main.WSVerificationExecutor</class>
      <method>runScript</method>
      <line>146</line>
    </frame>
    <frame>
      <class>com.kms.katalon.core.main.WSVerificationExecutor</class>
      <method>doExecute</method>
      <line>140</line>
    </frame>
    <frame>
      <class>com.kms.katalon.core.main.WSVerificationExecutor</class>
      <method>processExecutionPhase</method>
      <line>123</line>
    </frame>
    <frame>
      <class>com.kms.katalon.core.main.WSVerificationExecutor</class>
      <method>accessMainPhase</method>
      <line>115</line>
    </frame>
    <frame>
      <class>com.kms.katalon.core.main.WSVerificationExecutor</class>
      <method>execute</method>
      <line>103</line>
    </frame>
    <frame>
      <class>com.kms.katalon.core.main.TestCaseMain</class>
      <method>runWSVerificationScript</method>
      <line>127</line>
    </frame>
    <frame>
      <class>com.kms.katalon.core.webservice.keyword.builtin.SendRequestAndVerifyKeyword$_sendRequestAndVerify_closure1</class>
      <method>doCall</method>
      <line>51</line>
    </frame>
    <frame>
      <class>com.kms.katalon.core.webservice.keyword.builtin.SendRequestAndVerifyKeyword$_sendRequestAndVerify_closure1</class>
      <method>call</method>
    </frame>
    <frame>
      <class>com.kms.katalon.core.keyword.internal.KeywordMain</class>
      <method>runKeyword</method>
      <line>68</line>
    </frame>
    <frame>
      <class>com.kms.katalon.core.webservice.keyword.builtin.SendRequestAndVerifyKeyword</class>
      <method>sendRequestAndVerify</method>
      <line>42</line>
    </frame>
    <frame>
      <class>com.kms.katalon.core.webservice.keyword.builtin.SendRequestAndVerifyKeyword</class>
      <method>execute</method>
      <line>37</line>
    </frame>
    <frame>
      <class>com.kms.katalon.core.keyword.internal.KeywordExecutor</class>
      <method>executeKeywordForPlatform</method>
      <line>56</line>
    </frame>
    <frame>
      <class>com.kms.katalon.core.webservice.keyword.WSBuiltInKeywords</class>
      <method>sendRequestAndVerify</method>
      <line>65</line>
    </frame>
    <frame>
      <class>com.kms.katalon.core.webservice.keyword.WSBuiltInKeywords$sendRequestAndVerify</class>
      <method>call</method>
    </frame>
    <frame>
      <class>1_Free_Spin_CALL</class>
      <method>run</method>
      <line>92</line>
    </frame>
    <frame>
      <class>com.kms.katalon.core.main.ScriptEngine</class>
      <method>run</method>
      <line>194</line>
    </frame>
    <frame>
      <class>com.kms.katalon.core.main.ScriptEngine</class>
      <method>runScriptAsRawText</method>
      <line>119</line>
    </frame>
    <frame>
      <class>com.kms.katalon.core.main.TestCaseExecutor</class>
      <method>runScript</method>
      <line>337</line>
    </frame>
    <frame>
      <class>com.kms.katalon.core.main.TestCaseExecutor</class>
      <method>doExecute</method>
      <line>328</line>
    </frame>
    <frame>
      <class>com.kms.katalon.core.main.TestCaseExecutor</class>
      <method>processExecutionPhase</method>
      <line>307</line>
    </frame>
    <frame>
      <class>com.kms.katalon.core.main.TestCaseExecutor</class>
      <method>accessMainPhase</method>
      <line>299</line>
    </frame>
    <frame>
      <class>com.kms.katalon.core.main.TestCaseExecutor</class>
      <method>execute</method>
      <line>233</line>
    </frame>
    <frame>
      <class>com.kms.katalon.core.main.TestSuiteExecutor</class>
      <method>accessTestCaseMainPhase</method>
      <line>133</line>
    </frame>
    <frame>
      <class>com.kms.katalon.core.main.TestSuiteExecutor</class>
      <method>accessTestSuiteMainPhase</method>
      <line>116</line>
    </frame>
    <frame>
      <class>com.kms.katalon.core.main.TestSuiteExecutor</class>
      <method>execute</method>
      <line>83</line>
    </frame>
    <frame>
      <class>com.kms.katalon.core.main.TestCaseMain</class>
      <method>startTestSuite</method>
      <line>157</line>
    </frame>
    <frame>
      <class>com.kms.katalon.core.main.TestCaseMain$startTestSuite$0</class>
      <method>call</method>
    </frame>
    <frame>
      <class>TempTestSuite1565744617522</class>
      <method>run</method>
      <line>35</line>
    </frame>
  </exception>
  <nestedLevel>0</nestedLevel>
  <property name="failed.exception.stacktrace">com.kms.katalon.core.exception.StepFailedException: Expected status code is &apos;200&apos; but actual status code is &apos;400&apos;\n\tat com.kms.katalon.core.keyword.internal.KeywordMain.stepFailed(KeywordMain.groovy:50)\n\tat com.kms.katalon.core.webservice.keyword.builtin.VerifyResponseStatusCodeKeyword.verifyStatusCode(VerifyResponseStatusCodeKeyword.groovy:52)\n\tat com.kms.katalon.core.webservice.keyword.builtin.VerifyResponseStatusCodeKeyword$_verifyResponseStatusCode_closure1.doCall(VerifyResponseStatusCodeKeyword.groovy:42)\n\tat com.kms.katalon.core.webservice.keyword.builtin.VerifyResponseStatusCodeKeyword$_verifyResponseStatusCode_closure1.call(VerifyResponseStatusCodeKeyword.groovy)\n\tat com.kms.katalon.core.keyword.internal.KeywordMain.runKeyword(KeywordMain.groovy:68)\n\tat com.kms.katalon.core.webservice.keyword.builtin.VerifyResponseStatusCodeKeyword.verifyResponseStatusCode(VerifyResponseStatusCodeKeyword.groovy:37)\n\tat com.kms.katalon.core.webservice.keyword.builtin.VerifyResponseStatusCodeKeyword.execute(VerifyResponseStatusCodeKeyword.groovy:32)\n\tat com.kms.katalon.core.keyword.internal.KeywordExecutor.executeKeywordForPlatform(KeywordExecutor.groovy:56)\n\tat com.kms.katalon.core.webservice.keyword.WSBuiltInKeywords.verifyResponseStatusCode(WSBuiltInKeywords.groovy:212)\n\tat com.kms.katalon.core.webservice.keyword.WSBuiltInKeywords$verifyResponseStatusCode$0.call(Unknown Source)\n\tat WSVerification1565744621542.run(WSVerification1565744621542:17)\n\tat com.kms.katalon.core.main.ScriptEngine.run(ScriptEngine.java:194)\n\tat com.kms.katalon.core.main.ScriptEngine.runScriptAsRawText(ScriptEngine.java:119)\n\tat com.kms.katalon.core.main.WSVerificationExecutor.runScript(WSVerificationExecutor.java:146)\n\tat com.kms.katalon.core.main.WSVerificationExecutor.doExecute(WSVerificationExecutor.java:140)\n\tat com.kms.katalon.core.main.WSVerificationExecutor.processExecutionPhase(WSVerificationExecutor.java:123)\n\tat com.kms.katalon.core.main.WSVerificationExecutor.accessMainPhase(WSVerificationExecutor.java:115)\n\tat com.kms.katalon.core.main.WSVerificationExecutor.execute(WSVerificationExecutor.java:103)\n\tat com.kms.katalon.core.main.TestCaseMain.runWSVerificationScript(TestCaseMain.java:127)\n\tat com.kms.katalon.core.webservice.keyword.builtin.SendRequestAndVerifyKeyword$_sendRequestAndVerify_closure1.doCall(SendRequestAndVerifyKeyword.groovy:51)\n\tat com.kms.katalon.core.webservice.keyword.builtin.SendRequestAndVerifyKeyword$_sendRequestAndVerify_closure1.call(SendRequestAndVerifyKeyword.groovy)\n\tat com.kms.katalon.core.keyword.internal.KeywordMain.runKeyword(KeywordMain.groovy:68)\n\tat com.kms.katalon.core.webservice.keyword.builtin.SendRequestAndVerifyKeyword.sendRequestAndVerify(SendRequestAndVerifyKeyword.groovy:42)\n\tat com.kms.katalon.core.webservice.keyword.builtin.SendRequestAndVerifyKeyword.execute(SendRequestAndVerifyKeyword.groovy:37)\n\tat com.kms.katalon.core.keyword.internal.KeywordExecutor.executeKeywordForPlatform(KeywordExecutor.groovy:56)\n\tat com.kms.katalon.core.webservice.keyword.WSBuiltInKeywords.sendRequestAndVerify(WSBuiltInKeywords.groovy:65)\n\tat com.kms.katalon.core.webservice.keyword.WSBuiltInKeywords$sendRequestAndVerify.call(Unknown Source)\n\tat 1_Free_Spin_CALL.run(1_Free_Spin_CALL:92)\n\tat com.kms.katalon.core.main.ScriptEngine.run(ScriptEngine.java:194)\n\tat com.kms.katalon.core.main.ScriptEngine.runScriptAsRawText(ScriptEngine.java:119)\n\tat com.kms.katalon.core.main.TestCaseExecutor.runScript(TestCaseExecutor.java:337)\n\tat com.kms.katalon.core.main.TestCaseExecutor.doExecute(TestCaseExecutor.java:328)\n\tat com.kms.katalon.core.main.TestCaseExecutor.processExecutionPhase(TestCaseExecutor.java:307)\n\tat com.kms.katalon.core.main.TestCaseExecutor.accessMainPhase(TestCaseExecutor.java:299)\n\tat com.kms.katalon.core.main.TestCaseExecutor.execute(TestCaseExecutor.java:233)\n\tat com.kms.katalon.core.main.TestSuiteExecutor.accessTestCaseMainPhase(TestSuiteExecutor.java:133)\n\tat com.kms.katalon.core.main.TestSuiteExecutor.accessTestSuiteMainPhase(TestSuiteExecutor.java:116)\n\tat com.kms.katalon.core.main.TestSuiteExecutor.execute(TestSuiteExecutor.java:83)\n\tat com.kms.katalon.core.main.TestCaseMain.startTestSuite(TestCaseMain.java:157)\n\tat com.kms.katalon.core.main.TestCaseMain$startTestSuite$0.call(Unknown Source)\n\tat TempTestSuite1565744617522.run(TempTestSuite1565744617522.groovy:35)\n</property>
  <property name="failed.exception.class">com.kms.katalon.core.exception.StepFailedException</property>
  <property name="failed.exception.message">Expected status code is &apos;200&apos; but actual status code is &apos;400&apos;</property>
</record>
<record>
  <date>2019-08-14T09:03:41</date>
  <millis>1565744621901</millis>
  <sequence>144</sequence>
  <level>END</level>
  <class>com.kms.katalon.core.logging.XmlKeywordLogger</class>
  <method>endTest</method>
  <thread>1</thread>
  <message>End Test Case : Verification</message>
  <nestedLevel>1</nestedLevel>
</record>
<record>
  <date>2019-08-14T09:03:41</date>
  <millis>1565744621907</millis>
  <sequence>147</sequence>
  <level>FAILED</level>
  <class>com.kms.katalon.core.logging.XmlKeywordLogger</class>
  <method>logMessage</method>
  <thread>1</thread>
  <message>Unable to send request and verify the response (Root cause: com.kms.katalon.core.exception.StepFailedException: Verification failed\n\tat com.kms.katalon.core.webservice.keyword.builtin.SendRequestAndVerifyKeyword$_sendRequestAndVerify_closure1.doCall(SendRequestAndVerifyKeyword.groovy:55)\n\tat com.kms.katalon.core.webservice.keyword.builtin.SendRequestAndVerifyKeyword$_sendRequestAndVerify_closure1.call(SendRequestAndVerifyKeyword.groovy)\n\tat com.kms.katalon.core.keyword.internal.KeywordMain.runKeyword(KeywordMain.groovy:68)\n\tat com.kms.katalon.core.webservice.keyword.builtin.SendRequestAndVerifyKeyword.sendRequestAndVerify(SendRequestAndVerifyKeyword.groovy:42)\n\tat com.kms.katalon.core.webservice.keyword.builtin.SendRequestAndVerifyKeyword.execute(SendRequestAndVerifyKeyword.groovy:37)\n\tat com.kms.katalon.core.keyword.internal.KeywordExecutor.executeKeywordForPlatform(KeywordExecutor.groovy:56)\n\tat com.kms.katalon.core.webservice.keyword.WSBuiltInKeywords.sendRequestAndVerify(WSBuiltInKeywords.groovy:65)\n\tat com.kms.katalon.core.webservice.keyword.WSBuiltInKeywords$sendRequestAndVerify.call(Unknown Source)\n\tat 1_Free_Spin_CALL.run(1_Free_Spin_CALL:92)\n\tat com.kms.katalon.core.main.ScriptEngine.run(ScriptEngine.java:194)\n\tat com.kms.katalon.core.main.ScriptEngine.runScriptAsRawText(ScriptEngine.java:119)\n\tat com.kms.katalon.core.main.TestCaseExecutor.runScript(TestCaseExecutor.java:337)\n\tat com.kms.katalon.core.main.TestCaseExecutor.doExecute(TestCaseExecutor.java:328)\n\tat com.kms.katalon.core.main.TestCaseExecutor.processExecutionPhase(TestCaseExecutor.java:307)\n\tat com.kms.katalon.core.main.TestCaseExecutor.accessMainPhase(TestCaseExecutor.java:299)\n\tat com.kms.katalon.core.main.TestCaseExecutor.execute(TestCaseExecutor.java:233)\n\tat com.kms.katalon.core.main.TestSuiteExecutor.accessTestCaseMainPhase(TestSuiteExecutor.java:133)\n\tat com.kms.katalon.core.main.TestSuiteExecutor.accessTestSuiteMainPhase(TestSuiteExecutor.java:116)\n\tat com.kms.katalon.core.main.TestSuiteExecutor.execute(TestSuiteExecutor.java:83)\n\tat com.kms.katalon.core.main.TestCaseMain.startTestSuite(TestCaseMain.java:157)\n\tat com.kms.katalon.core.main.TestCaseMain$startTestSuite$0.call(Unknown Source)\n\tat TempTestSuite1565744617522.run(TempTestSuite1565744617522.groovy:35)\n)</message>
  <nestedLevel>1</nestedLevel>
  <property name="failed.exception.class">com.kms.katalon.core.exception.StepFailedException</property>
  <property name="failed.exception.stacktrace">com.kms.katalon.core.exception.StepFailedException: Verification failed\n\tat com.kms.katalon.core.webservice.keyword.builtin.SendRequestAndVerifyKeyword$_sendRequestAndVerify_closure1.doCall(SendRequestAndVerifyKeyword.groovy:55)\n\tat com.kms.katalon.core.webservice.keyword.builtin.SendRequestAndVerifyKeyword$_sendRequestAndVerify_closure1.call(SendRequestAndVerifyKeyword.groovy)\n\tat com.kms.katalon.core.keyword.internal.KeywordMain.runKeyword(KeywordMain.groovy:68)\n\tat com.kms.katalon.core.webservice.keyword.builtin.SendRequestAndVerifyKeyword.sendRequestAndVerify(SendRequestAndVerifyKeyword.groovy:42)\n\tat com.kms.katalon.core.webservice.keyword.builtin.SendRequestAndVerifyKeyword.execute(SendRequestAndVerifyKeyword.groovy:37)\n\tat com.kms.katalon.core.keyword.internal.KeywordExecutor.executeKeywordForPlatform(KeywordExecutor.groovy:56)\n\tat com.kms.katalon.core.webservice.keyword.WSBuiltInKeywords.sendRequestAndVerify(WSBuiltInKeywords.groovy:65)\n\tat com.kms.katalon.core.webservice.keyword.WSBuiltInKeywords$sendRequestAndVerify.call(Unknown Source)\n\tat 1_Free_Spin_CALL.run(1_Free_Spin_CALL:92)\n\tat com.kms.katalon.core.main.ScriptEngine.run(ScriptEngine.java:194)\n\tat com.kms.katalon.core.main.ScriptEngine.runScriptAsRawText(ScriptEngine.java:119)\n\tat com.kms.katalon.core.main.TestCaseExecutor.runScript(TestCaseExecutor.java:337)\n\tat com.kms.katalon.core.main.TestCaseExecutor.doExecute(TestCaseExecutor.java:328)\n\tat com.kms.katalon.core.main.TestCaseExecutor.processExecutionPhase(TestCaseExecutor.java:307)\n\tat com.kms.katalon.core.main.TestCaseExecutor.accessMainPhase(TestCaseExecutor.java:299)\n\tat com.kms.katalon.core.main.TestCaseExecutor.execute(TestCaseExecutor.java:233)\n\tat com.kms.katalon.core.main.TestSuiteExecutor.accessTestCaseMainPhase(TestSuiteExecutor.java:133)\n\tat com.kms.katalon.core.main.TestSuiteExecutor.accessTestSuiteMainPhase(TestSuiteExecutor.java:116)\n\tat com.kms.katalon.core.main.TestSuiteExecutor.execute(TestSuiteExecutor.java:83)\n\tat com.kms.katalon.core.main.TestCaseMain.startTestSuite(TestCaseMain.java:157)\n\tat com.kms.katalon.core.main.TestCaseMain$startTestSuite$0.call(Unknown Source)\n\tat TempTestSuite1565744617522.run(TempTestSuite1565744617522.groovy:35)\n</property>
  <property name="failed.exception.message">Verification failed</property>
</record>
<record>
  <date>2019-08-14T09:03:41</date>
  <millis>1565744621909</millis>
  <sequence>148</sequence>
  <level>END</level>
  <class>com.kms.katalon.core.logging.XmlKeywordLogger</class>
  <method>endKeyword</method>
  <thread>1</thread>
  <message>End action : sendRequestAndVerify(findTestObject(\&amp;quot;STG/Wallet/Get_Session_Token\&amp;quot;, [\&amp;quot;url_krug_gw\&amp;quot;:url_krug_gw, \&amp;quot;partner\&amp;quot;:Partner, \&amp;quot;secret_key\&amp;quot;:secret_key, \&amp;quot;userid\&amp;quot;:Userid]))</message>
  <nestedLevel>1</nestedLevel>
</record>
<record>
  <date>2019-08-14T09:03:41</date>
  <millis>1565744621910</millis>
  <sequence>150</sequence>
  <level>FAILED</level>
  <class>com.kms.katalon.core.logging.XmlKeywordLogger</class>
  <method>logMessage</method>
  <thread>1</thread>
  <message>Test Cases/STG_env/1_Free_Spin_CALL FAILED.\nReason:\ncom.kms.katalon.core.exception.StepFailedException: Expected status code is &amp;apos;200&amp;apos; but actual status code is &amp;apos;400&amp;apos;\n\tat com.kms.katalon.core.keyword.internal.KeywordMain.stepFailed(KeywordMain.groovy:50)\n\tat com.kms.katalon.core.webservice.keyword.builtin.VerifyResponseStatusCodeKeyword.verifyStatusCode(VerifyResponseStatusCodeKeyword.groovy:52)\n\tat com.kms.katalon.core.webservice.keyword.builtin.VerifyResponseStatusCodeKeyword$_verifyResponseStatusCode_closure1.doCall(VerifyResponseStatusCodeKeyword.groovy:42)\n\tat com.kms.katalon.core.webservice.keyword.builtin.VerifyResponseStatusCodeKeyword$_verifyResponseStatusCode_closure1.call(VerifyResponseStatusCodeKeyword.groovy)\n\tat com.kms.katalon.core.keyword.internal.KeywordMain.runKeyword(KeywordMain.groovy:68)\n\tat com.kms.katalon.core.webservice.keyword.builtin.VerifyResponseStatusCodeKeyword.verifyResponseStatusCode(VerifyResponseStatusCodeKeyword.groovy:37)\n\tat com.kms.katalon.core.webservice.keyword.builtin.VerifyResponseStatusCodeKeyword.execute(VerifyResponseStatusCodeKeyword.groovy:32)\n\tat com.kms.katalon.core.keyword.internal.KeywordExecutor.executeKeywordForPlatform(KeywordExecutor.groovy:56)\n\tat com.kms.katalon.core.webservice.keyword.WSBuiltInKeywords.verifyResponseStatusCode(WSBuiltInKeywords.groovy:212)\n\tat com.kms.katalon.core.webservice.keyword.WSBuiltInKeywords$verifyResponseStatusCode$0.call(Unknown Source)\n\tat WSVerification1565744621542.run(WSVerification1565744621542:17)\n\tat com.kms.katalon.core.main.ScriptEngine.run(ScriptEngine.java:194)\n\tat com.kms.katalon.core.main.ScriptEngine.runScriptAsRawText(ScriptEngine.java:119)\n\tat com.kms.katalon.core.main.WSVerificationExecutor.runScript(WSVerificationExecutor.java:146)\n\tat com.kms.katalon.core.main.WSVerificationExecutor.doExecute(WSVerificationExecutor.java:140)\n\tat com.kms.katalon.core.main.WSVerificationExecutor.processExecutionPhase(WSVerificationExecutor.java:123)\n\tat com.kms.katalon.core.main.WSVerificationExecutor.accessMainPhase(WSVerificationExecutor.java:115)\n\tat com.kms.katalon.core.main.WSVerificationExecutor.execute(WSVerificationExecutor.java:103)\n\tat com.kms.katalon.core.main.TestCaseMain.runWSVerificationScript(TestCaseMain.java:127)\n\tat com.kms.katalon.core.webservice.keyword.builtin.SendRequestAndVerifyKeyword$_sendRequestAndVerify_closure1.doCall(SendRequestAndVerifyKeyword.groovy:51)\n\tat com.kms.katalon.core.webservice.keyword.builtin.SendRequestAndVerifyKeyword$_sendRequestAndVerify_closure1.call(SendRequestAndVerifyKeyword.groovy)\n\tat com.kms.katalon.core.keyword.internal.KeywordMain.runKeyword(KeywordMain.groovy:68)\n\tat com.kms.katalon.core.webservice.keyword.builtin.SendRequestAndVerifyKeyword.sendRequestAndVerify(SendRequestAndVerifyKeyword.groovy:42)\n\tat com.kms.katalon.core.webservice.keyword.builtin.SendRequestAndVerifyKeyword.execute(SendRequestAndVerifyKeyword.groovy:37)\n\tat com.kms.katalon.core.keyword.internal.KeywordExecutor.executeKeywordForPlatform(KeywordExecutor.groovy:56)\n\tat com.kms.katalon.core.webservice.keyword.WSBuiltInKeywords.sendRequestAndVerify(WSBuiltInKeywords.groovy:65)\n\tat com.kms.katalon.core.webservice.keyword.WSBuiltInKeywords$sendRequestAndVerify.call(Unknown Source)\n\tat 1_Free_Spin_CALL.run(1_Free_Spin_CALL:92)\n\tat com.kms.katalon.core.main.ScriptEngine.run(ScriptEngine.java:194)\n\tat com.kms.katalon.core.main.ScriptEngine.runScriptAsRawText(ScriptEngine.java:119)\n\tat com.kms.katalon.core.main.TestCaseExecutor.runScript(TestCaseExecutor.java:337)\n\tat com.kms.katalon.core.main.TestCaseExecutor.doExecute(TestCaseExecutor.java:328)\n\tat com.kms.katalon.core.main.TestCaseExecutor.processExecutionPhase(TestCaseExecutor.java:307)\n\tat com.kms.katalon.core.main.TestCaseExecutor.accessMainPhase(TestCaseExecutor.java:299)\n\tat com.kms.katalon.core.main.TestCaseExecutor.execute(TestCaseExecutor.java:233)\n\tat com.kms.katalon.core.main.TestSuiteExecutor.accessTestCaseMainPhase(TestSuiteExecutor.java:133)\n\tat com.kms.katalon.core.main.TestSuiteExecutor.accessTestSuiteMainPhase(TestSuiteExecutor.java:116)\n\tat com.kms.katalon.core.main.TestSuiteExecutor.execute(TestSuiteExecutor.java:83)\n\tat com.kms.katalon.core.main.TestCaseMain.startTestSuite(TestCaseMain.java:157)\n\tat com.kms.katalon.core.main.TestCaseMain$startTestSuite$0.call(Unknown Source)\n\tat TempTestSuite1565744617522.run(TempTestSuite1565744617522.groovy:35)\n</message>
  <exception>
    <message>com.kms.katalon.core.exception.StepFailedException: Expected status code is '200' but actual status code is '400'</message>
    <frame>
      <class>com.kms.katalon.core.keyword.internal.KeywordMain</class>
      <method>stepFailed</method>
      <line>50</line>
    </frame>
    <frame>
      <class>com.kms.katalon.core.webservice.keyword.builtin.VerifyResponseStatusCodeKeyword</class>
      <method>verifyStatusCode</method>
      <line>52</line>
    </frame>
    <frame>
      <class>com.kms.katalon.core.webservice.keyword.builtin.VerifyResponseStatusCodeKeyword$_verifyResponseStatusCode_closure1</class>
      <method>doCall</method>
      <line>42</line>
    </frame>
    <frame>
      <class>com.kms.katalon.core.webservice.keyword.builtin.VerifyResponseStatusCodeKeyword$_verifyResponseStatusCode_closure1</class>
      <method>call</method>
    </frame>
    <frame>
      <class>com.kms.katalon.core.keyword.internal.KeywordMain</class>
      <method>runKeyword</method>
      <line>68</line>
    </frame>
    <frame>
      <class>com.kms.katalon.core.webservice.keyword.builtin.VerifyResponseStatusCodeKeyword</class>
      <method>verifyResponseStatusCode</method>
      <line>37</line>
    </frame>
    <frame>
      <class>com.kms.katalon.core.webservice.keyword.builtin.VerifyResponseStatusCodeKeyword</class>
      <method>execute</method>
      <line>32</line>
    </frame>
    <frame>
      <class>com.kms.katalon.core.keyword.internal.KeywordExecutor</class>
      <method>executeKeywordForPlatform</method>
      <line>56</line>
    </frame>
    <frame>
      <class>com.kms.katalon.core.webservice.keyword.WSBuiltInKeywords</class>
      <method>verifyResponseStatusCode</method>
      <line>212</line>
    </frame>
    <frame>
      <class>com.kms.katalon.core.webservice.keyword.WSBuiltInKeywords$verifyResponseStatusCode$0</class>
      <method>call</method>
    </frame>
    <frame>
      <class>WSVerification1565744621542</class>
      <method>run</method>
      <line>17</line>
    </frame>
    <frame>
      <class>com.kms.katalon.core.main.ScriptEngine</class>
      <method>run</method>
      <line>194</line>
    </frame>
    <frame>
      <class>com.kms.katalon.core.main.ScriptEngine</class>
      <method>runScriptAsRawText</method>
      <line>119</line>
    </frame>
    <frame>
      <class>com.kms.katalon.core.main.WSVerificationExecutor</class>
      <method>runScript</method>
      <line>146</line>
    </frame>
    <frame>
      <class>com.kms.katalon.core.main.WSVerificationExecutor</class>
      <method>doExecute</method>
      <line>140</line>
    </frame>
    <frame>
      <class>com.kms.katalon.core.main.WSVerificationExecutor</class>
      <method>processExecutionPhase</method>
      <line>123</line>
    </frame>
    <frame>
      <class>com.kms.katalon.core.main.WSVerificationExecutor</class>
      <method>accessMainPhase</method>
      <line>115</line>
    </frame>
    <frame>
      <class>com.kms.katalon.core.main.WSVerificationExecutor</class>
      <method>execute</method>
      <line>103</line>
    </frame>
    <frame>
      <class>com.kms.katalon.core.main.TestCaseMain</class>
      <method>runWSVerificationScript</method>
      <line>127</line>
    </frame>
    <frame>
      <class>com.kms.katalon.core.webservice.keyword.builtin.SendRequestAndVerifyKeyword$_sendRequestAndVerify_closure1</class>
      <method>doCall</method>
      <line>51</line>
    </frame>
    <frame>
      <class>com.kms.katalon.core.webservice.keyword.builtin.SendRequestAndVerifyKeyword$_sendRequestAndVerify_closure1</class>
      <method>call</method>
    </frame>
    <frame>
      <class>com.kms.katalon.core.keyword.internal.KeywordMain</class>
      <method>runKeyword</method>
      <line>68</line>
    </frame>
    <frame>
      <class>com.kms.katalon.core.webservice.keyword.builtin.SendRequestAndVerifyKeyword</class>
      <method>sendRequestAndVerify</method>
      <line>42</line>
    </frame>
    <frame>
      <class>com.kms.katalon.core.webservice.keyword.builtin.SendRequestAndVerifyKeyword</class>
      <method>execute</method>
      <line>37</line>
    </frame>
    <frame>
      <class>com.kms.katalon.core.keyword.internal.KeywordExecutor</class>
      <method>executeKeywordForPlatform</method>
      <line>56</line>
    </frame>
    <frame>
      <class>com.kms.katalon.core.webservice.keyword.WSBuiltInKeywords</class>
      <method>sendRequestAndVerify</method>
      <line>65</line>
    </frame>
    <frame>
      <class>com.kms.katalon.core.webservice.keyword.WSBuiltInKeywords$sendRequestAndVerify</class>
      <method>call</method>
    </frame>
    <frame>
      <class>1_Free_Spin_CALL</class>
      <method>run</method>
      <line>92</line>
    </frame>
    <frame>
      <class>com.kms.katalon.core.main.ScriptEngine</class>
      <method>run</method>
      <line>194</line>
    </frame>
    <frame>
      <class>com.kms.katalon.core.main.ScriptEngine</class>
      <method>runScriptAsRawText</method>
      <line>119</line>
    </frame>
    <frame>
      <class>com.kms.katalon.core.main.TestCaseExecutor</class>
      <method>runScript</method>
      <line>337</line>
    </frame>
    <frame>
      <class>com.kms.katalon.core.main.TestCaseExecutor</class>
      <method>doExecute</method>
      <line>328</line>
    </frame>
    <frame>
      <class>com.kms.katalon.core.main.TestCaseExecutor</class>
      <method>processExecutionPhase</method>
      <line>307</line>
    </frame>
    <frame>
      <class>com.kms.katalon.core.main.TestCaseExecutor</class>
      <method>accessMainPhase</method>
      <line>299</line>
    </frame>
    <frame>
      <class>com.kms.katalon.core.main.TestCaseExecutor</class>
      <method>execute</method>
      <line>233</line>
    </frame>
    <frame>
      <class>com.kms.katalon.core.main.TestSuiteExecutor</class>
      <method>accessTestCaseMainPhase</method>
      <line>133</line>
    </frame>
    <frame>
      <class>com.kms.katalon.core.main.TestSuiteExecutor</class>
      <method>accessTestSuiteMainPhase</method>
      <line>116</line>
    </frame>
    <frame>
      <class>com.kms.katalon.core.main.TestSuiteExecutor</class>
      <method>execute</method>
      <line>83</line>
    </frame>
    <frame>
      <class>com.kms.katalon.core.main.TestCaseMain</class>
      <method>startTestSuite</method>
      <line>157</line>
    </frame>
    <frame>
      <class>com.kms.katalon.core.main.TestCaseMain$startTestSuite$0</class>
      <method>call</method>
    </frame>
    <frame>
      <class>TempTestSuite1565744617522</class>
      <method>run</method>
      <line>35</line>
    </frame>
  </exception>
  <nestedLevel>0</nestedLevel>
  <property name="failed.exception.stacktrace">com.kms.katalon.core.exception.StepFailedException: Expected status code is &apos;200&apos; but actual status code is &apos;400&apos;\n\tat com.kms.katalon.core.keyword.internal.KeywordMain.stepFailed(KeywordMain.groovy:50)\n\tat com.kms.katalon.core.webservice.keyword.builtin.VerifyResponseStatusCodeKeyword.verifyStatusCode(VerifyResponseStatusCodeKeyword.groovy:52)\n\tat com.kms.katalon.core.webservice.keyword.builtin.VerifyResponseStatusCodeKeyword$_verifyResponseStatusCode_closure1.doCall(VerifyResponseStatusCodeKeyword.groovy:42)\n\tat com.kms.katalon.core.webservice.keyword.builtin.VerifyResponseStatusCodeKeyword$_verifyResponseStatusCode_closure1.call(VerifyResponseStatusCodeKeyword.groovy)\n\tat com.kms.katalon.core.keyword.internal.KeywordMain.runKeyword(KeywordMain.groovy:68)\n\tat com.kms.katalon.core.webservice.keyword.builtin.VerifyResponseStatusCodeKeyword.verifyResponseStatusCode(VerifyResponseStatusCodeKeyword.groovy:37)\n\tat com.kms.katalon.core.webservice.keyword.builtin.VerifyResponseStatusCodeKeyword.execute(VerifyResponseStatusCodeKeyword.groovy:32)\n\tat com.kms.katalon.core.keyword.internal.KeywordExecutor.executeKeywordForPlatform(KeywordExecutor.groovy:56)\n\tat com.kms.katalon.core.webservice.keyword.WSBuiltInKeywords.verifyResponseStatusCode(WSBuiltInKeywords.groovy:212)\n\tat com.kms.katalon.core.webservice.keyword.WSBuiltInKeywords$verifyResponseStatusCode$0.call(Unknown Source)\n\tat WSVerification1565744621542.run(WSVerification1565744621542:17)\n\tat com.kms.katalon.core.main.ScriptEngine.run(ScriptEngine.java:194)\n\tat com.kms.katalon.core.main.ScriptEngine.runScriptAsRawText(ScriptEngine.java:119)\n\tat com.kms.katalon.core.main.WSVerificationExecutor.runScript(WSVerificationExecutor.java:146)\n\tat com.kms.katalon.core.main.WSVerificationExecutor.doExecute(WSVerificationExecutor.java:140)\n\tat com.kms.katalon.core.main.WSVerificationExecutor.processExecutionPhase(WSVerificationExecutor.java:123)\n\tat com.kms.katalon.core.main.WSVerificationExecutor.accessMainPhase(WSVerificationExecutor.java:115)\n\tat com.kms.katalon.core.main.WSVerificationExecutor.execute(WSVerificationExecutor.java:103)\n\tat com.kms.katalon.core.main.TestCaseMain.runWSVerificationScript(TestCaseMain.java:127)\n\tat com.kms.katalon.core.webservice.keyword.builtin.SendRequestAndVerifyKeyword$_sendRequestAndVerify_closure1.doCall(SendRequestAndVerifyKeyword.groovy:51)\n\tat com.kms.katalon.core.webservice.keyword.builtin.SendRequestAndVerifyKeyword$_sendRequestAndVerify_closure1.call(SendRequestAndVerifyKeyword.groovy)\n\tat com.kms.katalon.core.keyword.internal.KeywordMain.runKeyword(KeywordMain.groovy:68)\n\tat com.kms.katalon.core.webservice.keyword.builtin.SendRequestAndVerifyKeyword.sendRequestAndVerify(SendRequestAndVerifyKeyword.groovy:42)\n\tat com.kms.katalon.core.webservice.keyword.builtin.SendRequestAndVerifyKeyword.execute(SendRequestAndVerifyKeyword.groovy:37)\n\tat com.kms.katalon.core.keyword.internal.KeywordExecutor.executeKeywordForPlatform(KeywordExecutor.groovy:56)\n\tat com.kms.katalon.core.webservice.keyword.WSBuiltInKeywords.sendRequestAndVerify(WSBuiltInKeywords.groovy:65)\n\tat com.kms.katalon.core.webservice.keyword.WSBuiltInKeywords$sendRequestAndVerify.call(Unknown Source)\n\tat 1_Free_Spin_CALL.run(1_Free_Spin_CALL:92)\n\tat com.kms.katalon.core.main.ScriptEngine.run(ScriptEngine.java:194)\n\tat com.kms.katalon.core.main.ScriptEngine.runScriptAsRawText(ScriptEngine.java:119)\n\tat com.kms.katalon.core.main.TestCaseExecutor.runScript(TestCaseExecutor.java:337)\n\tat com.kms.katalon.core.main.TestCaseExecutor.doExecute(TestCaseExecutor.java:328)\n\tat com.kms.katalon.core.main.TestCaseExecutor.processExecutionPhase(TestCaseExecutor.java:307)\n\tat com.kms.katalon.core.main.TestCaseExecutor.accessMainPhase(TestCaseExecutor.java:299)\n\tat com.kms.katalon.core.main.TestCaseExecutor.execute(TestCaseExecutor.java:233)\n\tat com.kms.katalon.core.main.TestSuiteExecutor.accessTestCaseMainPhase(TestSuiteExecutor.java:133)\n\tat com.kms.katalon.core.main.TestSuiteExecutor.accessTestSuiteMainPhase(TestSuiteExecutor.java:116)\n\tat com.kms.katalon.core.main.TestSuiteExecutor.execute(TestSuiteExecutor.java:83)\n\tat com.kms.katalon.core.main.TestCaseMain.startTestSuite(TestCaseMain.java:157)\n\tat com.kms.katalon.core.main.TestCaseMain$startTestSuite$0.call(Unknown Source)\n\tat TempTestSuite1565744617522.run(TempTestSuite1565744617522.groovy:35)\n</property>
  <property name="failed.exception.class">com.kms.katalon.core.exception.StepFailedException</property>
  <property name="failed.exception.message">Expected status code is &apos;200&apos; but actual status code is &apos;400&apos;</property>
</record>
<record>
  <date>2019-08-14T09:03:41</date>
  <millis>1565744621914</millis>
  <sequence>152</sequence>
  <level>END</level>
  <class>com.kms.katalon.core.logging.XmlKeywordLogger</class>
  <method>endTest</method>
  <thread>1</thread>
  <message>End Test Case : Test Cases/STG_env/1_Free_Spin_CALL</message>
  <nestedLevel>0</nestedLevel>
</record>
<record>
  <date>2019-08-14T09:03:41</date>
  <millis>1565744621916</millis>
  <sequence>153</sequence>
  <level>START</level>
  <class>com.kms.katalon.core.logging.XmlKeywordLogger</class>
  <method>startKeyword</method>
  <thread>1</thread>
  <message>Start listener action : exportKatalonReports</message>
  <nestedLevel>0</nestedLevel>
</record>
<record>
  <date>2019-08-14T09:03:42</date>
  <millis>1565744622124</millis>
  <sequence>357</sequence>
  <level>INFO</level>
  <class>com.kms.katalon.core.logging.XmlKeywordLogger</class>
  <method>logMessage</method>
  <thread>1</thread>
  <message>Start generating HTML report folder at: /Users/eiralee/Katalon_Script/SuperWild/Reports/STG/1_Free_spin/20190814_090324...</message>
  <nestedLevel>0</nestedLevel>
</record>
<record>
  <date>2019-08-14T09:03:42</date>
  <millis>1565744622143</millis>
  <sequence>358</sequence>
  <level>INFO</level>
  <class>com.kms.katalon.core.logging.XmlKeywordLogger</class>
  <method>logMessage</method>
  <thread>1</thread>
  <message>HTML report generated</message>
  <nestedLevel>0</nestedLevel>
</record>
<record>
  <date>2019-08-14T09:03:42</date>
  <millis>1565744622143</millis>
  <sequence>359</sequence>
  <level>INFO</level>
  <class>com.kms.katalon.core.logging.XmlKeywordLogger</class>
  <method>logMessage</method>
  <thread>1</thread>
  <message>Start generating CSV report folder at: /Users/eiralee/Katalon_Script/SuperWild/Reports/STG/1_Free_spin/20190814_090324...</message>
  <nestedLevel>0</nestedLevel>
</record>
<record>
  <date>2019-08-14T09:03:42</date>
  <millis>1565744622163</millis>
  <sequence>360</sequence>
  <level>INFO</level>
  <class>com.kms.katalon.core.logging.XmlKeywordLogger</class>
  <method>logMessage</method>
  <thread>1</thread>
  <message>CSV report generated</message>
  <nestedLevel>0</nestedLevel>
</record>
<record>
  <date>2019-08-14T09:03:42</date>
  <millis>1565744622163</millis>
  <sequence>361</sequence>
  <level>INFO</level>
  <class>com.kms.katalon.core.logging.XmlKeywordLogger</class>
  <method>logMessage</method>
  <thread>1</thread>
  <message>Start generating JUnit report folder at: /Users/eiralee/Katalon_Script/SuperWild/Reports/STG/1_Free_spin/20190814_090324...</message>
  <nestedLevel>0</nestedLevel>
</record>
<record>
  <date>2019-08-14T09:03:42</date>
  <millis>1565744622287</millis>
  <sequence>362</sequence>
  <level>INFO</level>
  <class>com.kms.katalon.core.logging.XmlKeywordLogger</class>
  <method>logMessage</method>
  <thread>1</thread>
  <message>JUnit report generated</message>
  <nestedLevel>0</nestedLevel>
</record>
<record>
  <date>2019-08-14T09:03:42</date>
  <millis>1565744622287</millis>
  <sequence>364</sequence>
  <level>END</level>
  <class>com.kms.katalon.core.logging.XmlKeywordLogger</class>
  <method>endKeyword</method>
  <thread>1</thread>
  <message>End listener action : exportKatalonReports</message>
  <nestedLevel>0</nestedLevel>
</record>
<record>
  <date>2019-08-14T09:03:42</date>
  <millis>1565744622326</millis>
  <sequence>365</sequence>
  <level>END</level>
  <class>com.kms.katalon.core.logging.XmlKeywordLogger</class>
  <method>endSuite</method>
  <thread>1</thread>
  <message>End Test Suite : Test Suites/STG/1_Free_spin</message>
  <nestedLevel>0</nestedLevel>
</record>
</log>